Using pre-set license
Built from '2021.3/staging' branch; Version is '2021.3.21f1 (1b156197d683) revision 1774945'; Using compiler version '192829333'; Build Type 'Release'
OS: 'Windows 10  (10.0.19045) 64bit Professional' Language: 'en' Physical Memory: 16310 MB
BatchMode: 1, IsHumanControllingUs: 0, StartBugReporterOnCrash: 0, Is64bit: 1, IsPro: 1

COMMAND LINE ARGUMENTS:
K:\Unitys\2021.3.21f1\Editor\Unity.exe
-adb2
-batchMode
-noUpm
-name
AssetImportWorker2
-projectPath
K:/Unity Projects/LiamLab/Lab4/Lab4
-logFile
Logs/AssetImportWorker2.log
-srvPort
53305
Successfully changed project path to: K:/Unity Projects/LiamLab/Lab4/Lab4
K:/Unity Projects/LiamLab/Lab4/Lab4
[UnityMemory] Configuration Parameters - Can be set up in boot.config
    "memorysetup-bucket-allocator-granularity=16"
    "memorysetup-bucket-allocator-bucket-count=8"
    "memorysetup-bucket-allocator-block-size=33554432"
    "memorysetup-bucket-allocator-block-count=8"
    "memorysetup-main-allocator-block-size=16777216"
    "memorysetup-thread-allocator-block-size=16777216"
    "memorysetup-gfx-main-allocator-block-size=16777216"
    "memorysetup-gfx-thread-allocator-block-size=16777216"
    "memorysetup-cache-allocator-block-size=4194304"
    "memorysetup-typetree-allocator-block-size=2097152"
    "memorysetup-profiler-bucket-allocator-granularity=16"
    "memorysetup-profiler-bucket-allocator-bucket-count=8"
    "memorysetup-profiler-bucket-allocator-block-size=33554432"
    "memorysetup-profiler-bucket-allocator-block-count=8"
    "memorysetup-profiler-allocator-block-size=16777216"
    "memorysetup-profiler-editor-allocator-block-size=1048576"
    "memorysetup-temp-allocator-size-main=16777216"
    "memorysetup-job-temp-allocator-block-size=2097152"
    "memorysetup-job-temp-allocator-block-size-background=1048576"
    "memorysetup-job-temp-allocator-reduction-small-platforms=262144"
    "memorysetup-temp-allocator-size-background-worker=32768"
    "memorysetup-temp-allocator-size-job-worker=262144"
    "memorysetup-temp-allocator-size-preload-manager=33554432"
    "memorysetup-temp-allocator-size-nav-mesh-worker=65536"
    "memorysetup-temp-allocator-size-audio-worker=65536"
    "memorysetup-temp-allocator-size-cloud-worker=32768"
    "memorysetup-temp-allocator-size-gi-baking-worker=262144"
    "memorysetup-temp-allocator-size-gfx=262144"
Player connection [27416] Host "[IP] 10.0.0.124 [Port] 0 [Flags] 2 [Guid] 1186524772 [EditorId] 1186524772 [Version] 1048832 [Id] WindowsEditor(7,DESKTOP-NOS99CE) [Debug] 1 [PackageName] WindowsEditor [ProjectName] Editor" joined multi-casting on [225.0.0.222:54997]...

Player connection [27416] Host "[IP] 10.0.0.124 [Port] 0 [Flags] 2 [Guid] 1186524772 [EditorId] 1186524772 [Version] 1048832 [Id] WindowsEditor(7,DESKTOP-NOS99CE) [Debug] 1 [PackageName] WindowsEditor [ProjectName] Editor" joined alternative multi-casting on [225.0.0.222:34997]...

Refreshing native plugins compatible for Editor in 77.14 ms, found 5 plugins.
Preloading 0 native plugins for Editor in 0.00 ms.
Initialize engine version: 2021.3.21f1 (1b156197d683)
[Subsystems] Discovering subsystems at path K:/Unitys/2021.3.21f1/Editor/Data/Resources/UnitySubsystems
[Subsystems] Discovering subsystems at path K:/Unity Projects/LiamLab/Lab4/Lab4/Assets
GfxDevice: creating device client; threaded=0; jobified=0
Direct3D:
    Version:  Direct3D 11.0 [level 11.1]
    Renderer: Radeon RX 580 Series (ID=0x67df)
    Vendor:   ATI
    VRAM:     8170 MB
    Driver:   31.0.12027.9001
Initialize mono
Mono path[0] = 'K:/Unitys/2021.3.21f1/Editor/Data/Managed'
Mono path[1] = 'K:/Unitys/2021.3.21f1/Editor/Data/MonoBleedingEdge/lib/mono/unityjit-win32'
Mono config path = 'K:/Unitys/2021.3.21f1/Editor/Data/MonoBleedingEdge/etc'
Using monoOptions --debugger-agent=transport=dt_socket,embedding=1,server=y,suspend=n,address=127.0.0.1:56072
Begin MonoManager ReloadAssembly
Registering precompiled unity dll's ...
Register platform support module: K:/Unitys/2021.3.21f1/Editor/Data/PlaybackEngines/WindowsStandaloneSupport/UnityEditor.WindowsStandalone.Extensions.dll
Registered in 0.002267 seconds.
Native extension for WindowsStandalone target not found
Refreshing native plugins compatible for Editor in 70.17 ms, found 5 plugins.
Preloading 0 native plugins for Editor in 0.00 ms.
Mono: successfully reloaded assembly
- Completed reload, in  0.530 seconds
Domain Reload Profiling:
	ReloadAssembly (530ms)
		BeginReloadAssembly (68ms)
			ExecutionOrderSort (0ms)
			DisableScriptedObjects (0ms)
			BackupInstance (0ms)
			ReleaseScriptingObjects (0ms)
			CreateAndSetChildDomain (1ms)
		EndReloadAssembly (385ms)
			LoadAssemblies (67ms)
			RebuildTransferFunctionScriptingTraits (0ms)
			SetupTypeCache (88ms)
			ReleaseScriptCaches (0ms)
			RebuildScriptCaches (23ms)
			SetupLoadedEditorAssemblies (234ms)
				LogAssemblyErrors (0ms)
				InitializePlatformSupportModulesInManaged (6ms)
				SetLoadedEditorAssemblies (0ms)
				RefreshPlugins (70ms)
				BeforeProcessingInitializeOnLoad (1ms)
				ProcessInitializeOnLoadAttributes (118ms)
				ProcessInitializeOnLoadMethodAttributes (38ms)
				AfterProcessingInitializeOnLoad (0ms)
				EditorAssembliesLoaded (0ms)
			ExecutionOrderSort2 (0ms)
			AwakeInstancesAfterBackupRestoration (0ms)
Platform modules already initialized, skipping
Registering precompiled user dll's ...
Registered in 0.004313 seconds.
Begin MonoManager ReloadAssembly
Symbol file LoadedFromMemory doesn't match image K:\Unity Projects\LiamLab\Lab4\Lab4\Library\PackageCache\com.unity.visualscripting@1.8.0\Editor\VisualScripting.Core\Dependencies\DotNetZip\Unity.VisualScripting.IonicZip.dll
Symbol file LoadedFromMemory doesn't match image K:\Unity Projects\LiamLab\Lab4\Lab4\Library\PackageCache\com.unity.visualscripting@1.8.0\Editor\VisualScripting.Core\Dependencies\YamlDotNet\Unity.VisualScripting.YamlDotNet.dll
Native extension for WindowsStandalone target not found
Refreshing native plugins compatible for Editor in 1.00 ms, found 5 plugins.
Preloading 0 native plugins for Editor in 0.00 ms.
Mono: successfully reloaded assembly
- Completed reload, in  0.980 seconds
Domain Reload Profiling:
	ReloadAssembly (981ms)
		BeginReloadAssembly (101ms)
			ExecutionOrderSort (0ms)
			DisableScriptedObjects (5ms)
			BackupInstance (0ms)
			ReleaseScriptingObjects (0ms)
			CreateAndSetChildDomain (20ms)
		EndReloadAssembly (796ms)
			LoadAssemblies (70ms)
			RebuildTransferFunctionScriptingTraits (0ms)
			SetupTypeCache (224ms)
			ReleaseScriptCaches (1ms)
			RebuildScriptCaches (54ms)
			SetupLoadedEditorAssemblies (416ms)
				LogAssemblyErrors (0ms)
				InitializePlatformSupportModulesInManaged (4ms)
				SetLoadedEditorAssemblies (0ms)
				RefreshPlugins (1ms)
				BeforeProcessingInitializeOnLoad (65ms)
				ProcessInitializeOnLoadAttributes (327ms)
				ProcessInitializeOnLoadMethodAttributes (17ms)
				AfterProcessingInitializeOnLoad (3ms)
				EditorAssembliesLoaded (0ms)
			ExecutionOrderSort2 (0ms)
			AwakeInstancesAfterBackupRestoration (5ms)
Platform modules already initialized, skipping
========================================================================
Worker process is ready to serve import requests
Launched and connected shader compiler UnityShaderCompiler.exe after 0.08 seconds
Refreshing native plugins compatible for Editor in 1.07 ms, found 5 plugins.
Preloading 0 native plugins for Editor in 0.00 ms.
Unloading 3181 Unused Serialized files (Serialized files now loaded: 0)
Unloading 84 unused Assets / (115.0 KB). Loaded Objects now: 3600.
Memory consumption went from 125.5 MB to 125.4 MB.
Total: 3.531700 ms (FindLiveObjects: 0.311000 ms CreateObjectMapping: 0.086900 ms MarkObjects: 3.006700 ms  DeleteObjects: 0.126400 ms)

AssetImportParameters requested are different than current active one (requested -> active):
  custom:video-decoder-ogg-theora: a1e56fd34408186e4bbccfd4996cb3dc -> 
  custom:container-muxer-webm: aa71ff27fc2769a1b78a27578f13a17b -> 
  custom:container-demuxer-webm: 4f35f7cbe854078d1ac9338744f61a02 -> 
  custom:video-encoder-webm-vp8: eb34c28f22e8b96e1ab97ce403110664 -> 
  custom:audio-encoder-webm-vorbis: bf7c407c2cedff20999df2af8eb42d56 -> 
  custom:framework-win-MediaFoundation: 216162199b28c13a410421893ffa2e32 -> 
  custom:container-demuxer-ogg: 62fdf1f143b41e24485cea50d1cbac27 -> 
  custom:video-decoder-webm-vp8: 9c59270c3fd7afecdb556c50c9e8de78 -> 
  custom:audio-decoder-ogg-vorbis: bf7c407c2cedff20999df2af8eb42d56 -> 
========================================================================
Received Prepare
Registering precompiled user dll's ...
Registered in 0.004586 seconds.
Begin MonoManager ReloadAssembly
Symbol file LoadedFromMemory doesn't match image K:\Unity Projects\LiamLab\Lab4\Lab4\Library\PackageCache\com.unity.visualscripting@1.8.0\Editor\VisualScripting.Core\Dependencies\DotNetZip\Unity.VisualScripting.IonicZip.dll
Symbol file LoadedFromMemory doesn't match image K:\Unity Projects\LiamLab\Lab4\Lab4\Library\PackageCache\com.unity.visualscripting@1.8.0\Editor\VisualScripting.Core\Dependencies\YamlDotNet\Unity.VisualScripting.YamlDotNet.dll
Native extension for WindowsStandalone target not found
Refreshing native plugins compatible for Editor in 1.06 ms, found 5 plugins.
Preloading 0 native plugins for Editor in 0.00 ms.
Mono: successfully reloaded assembly
- Completed reload, in  1.091 seconds
Domain Reload Profiling:
	ReloadAssembly (1092ms)
		BeginReloadAssembly (130ms)
			ExecutionOrderSort (0ms)
			DisableScriptedObjects (4ms)
			BackupInstance (0ms)
			ReleaseScriptingObjects (0ms)
			CreateAndSetChildDomain (36ms)
		EndReloadAssembly (885ms)
			LoadAssemblies (83ms)
			RebuildTransferFunctionScriptingTraits (0ms)
			SetupTypeCache (230ms)
			ReleaseScriptCaches (1ms)
			RebuildScriptCaches (45ms)
			SetupLoadedEditorAssemblies (496ms)
				LogAssemblyErrors (0ms)
				InitializePlatformSupportModulesInManaged (110ms)
				SetLoadedEditorAssemblies (0ms)
				RefreshPlugins (1ms)
				BeforeProcessingInitializeOnLoad (48ms)
				ProcessInitializeOnLoadAttributes (317ms)
				ProcessInitializeOnLoadMethodAttributes (16ms)
				AfterProcessingInitializeOnLoad (4ms)
				EditorAssembliesLoaded (0ms)
			ExecutionOrderSort2 (0ms)
			AwakeInstancesAfterBackupRestoration (5ms)
Platform modules already initialized, skipping
Refreshing native plugins compatible for Editor in 5.16 ms, found 5 plugins.
Preloading 0 native plugins for Editor in 0.00 ms.
Unloading 3176 Unused Serialized files (Serialized files now loaded: 0)
Unloading 77 unused Assets / (81.7 KB). Loaded Objects now: 3603.
Memory consumption went from 125.3 MB to 125.3 MB.
Total: 3.192100 ms (FindLiveObjects: 0.302000 ms CreateObjectMapping: 0.072800 ms MarkObjects: 2.691000 ms  DeleteObjects: 0.125300 ms)

AssetImportParameters requested are different than current active one (requested -> active):
  custom:video-decoder-ogg-theora: a1e56fd34408186e4bbccfd4996cb3dc -> 
  custom:container-muxer-webm: aa71ff27fc2769a1b78a27578f13a17b -> 
  custom:container-demuxer-webm: 4f35f7cbe854078d1ac9338744f61a02 -> 
  custom:video-encoder-webm-vp8: eb34c28f22e8b96e1ab97ce403110664 -> 
  custom:audio-encoder-webm-vorbis: bf7c407c2cedff20999df2af8eb42d56 -> 
  custom:framework-win-MediaFoundation: 216162199b28c13a410421893ffa2e32 -> 
  custom:container-demuxer-ogg: 62fdf1f143b41e24485cea50d1cbac27 -> 
  custom:video-decoder-webm-vp8: 9c59270c3fd7afecdb556c50c9e8de78 -> 
  custom:audio-decoder-ogg-vorbis: bf7c407c2cedff20999df2af8eb42d56 -> 
========================================================================
Received Import Request.
  Time since last request: 14941.563172 seconds.
  path: Assets/Prefabs/Player.prefab
  artifactKey: Guid(c4ef0b7f8fe53cf4d924190ce9f099ae) Importer(815301076,1909f56bfc062723c751e8b465ee728b)
Start importing Assets/Prefabs/Player.prefab using Guid(c4ef0b7f8fe53cf4d924190ce9f099ae) Importer(815301076,1909f56bfc062723c751e8b465ee728b)  -> (artifact id: '3ecd310513d27c03de5cc7f6ecb2c1e2') in 0.098332 seconds 
========================================================================
Received Import Request.
  Time since last request: 5.562550 seconds.
  path: Assets/Scenes/SoundTest
  artifactKey: Guid(698212c33863fa34ab02fd7db18b31ac) Importer(815301076,1909f56bfc062723c751e8b465ee728b)
Start importing Assets/Scenes/SoundTest using Guid(698212c33863fa34ab02fd7db18b31ac) Importer(815301076,1909f56bfc062723c751e8b465ee728b)  -> (artifact id: '8aa767e0ae66d5c45996fc947e53ceaf') in 0.007143 seconds 
========================================================================
Received Import Request.
  Time since last request: 0.065092 seconds.
  path: Assets/Scenes/SoundTest/NavMesh.asset
  artifactKey: Guid(0eb9d6153133bd34da268be34ae87b9c) Importer(815301076,1909f56bfc062723c751e8b465ee728b)
Start importing Assets/Scenes/SoundTest/NavMesh.asset using Guid(0eb9d6153133bd34da268be34ae87b9c) Importer(815301076,1909f56bfc062723c751e8b465ee728b)  -> (artifact id: '327a41baf035f7657d80157072666f56') in 0.004593 seconds 
========================================================================
Received Import Request.
  Time since last request: 11.960015 seconds.
  path: Assets
  artifactKey: Guid(00000000000000001000000000000000) Importer(815301076,1909f56bfc062723c751e8b465ee728b)
Start importing Assets using Guid(00000000000000001000000000000000) Importer(815301076,1909f56bfc062723c751e8b465ee728b)  -> (artifact id: '79842766b460edbeab6a34051e857a80') in 0.006867 seconds 
========================================================================
Received Import Request.
  Time since last request: 9.327399 seconds.
  path: Assets/AudioManager.cs
  artifactKey: Guid(83d928fb2d9e8104ea5feac1d407ce72) Importer(815301076,1909f56bfc062723c751e8b465ee728b)
Start importing Assets/AudioManager.cs using Guid(83d928fb2d9e8104ea5feac1d407ce72) Importer(815301076,1909f56bfc062723c751e8b465ee728b)  -> (artifact id: 'fc539d57bd102f7f580f7aa8bbf2b6c3') in 0.013546 seconds 
========================================================================
Received Prepare
Registering precompiled user dll's ...
Registered in 0.004332 seconds.
Begin MonoManager ReloadAssembly
Symbol file LoadedFromMemory doesn't match image K:\Unity Projects\LiamLab\Lab4\Lab4\Library\PackageCache\com.unity.visualscripting@1.8.0\Editor\VisualScripting.Core\Dependencies\DotNetZip\Unity.VisualScripting.IonicZip.dll
Symbol file LoadedFromMemory doesn't match image K:\Unity Projects\LiamLab\Lab4\Lab4\Library\PackageCache\com.unity.visualscripting@1.8.0\Editor\VisualScripting.Core\Dependencies\YamlDotNet\Unity.VisualScripting.YamlDotNet.dll
Native extension for WindowsStandalone target not found
Refreshing native plugins compatible for Editor in 1.02 ms, found 5 plugins.
Preloading 0 native plugins for Editor in 0.00 ms.
Mono: successfully reloaded assembly
- Completed reload, in  0.992 seconds
Domain Reload Profiling:
	ReloadAssembly (992ms)
		BeginReloadAssembly (128ms)
			ExecutionOrderSort (0ms)
			DisableScriptedObjects (4ms)
			BackupInstance (0ms)
			ReleaseScriptingObjects (0ms)
			CreateAndSetChildDomain (39ms)
		EndReloadAssembly (784ms)
			LoadAssemblies (75ms)
			RebuildTransferFunctionScriptingTraits (0ms)
			SetupTypeCache (233ms)
			ReleaseScriptCaches (1ms)
			RebuildScriptCaches (45ms)
			SetupLoadedEditorAssemblies (391ms)
				LogAssemblyErrors (0ms)
				InitializePlatformSupportModulesInManaged (4ms)
				SetLoadedEditorAssemblies (0ms)
				RefreshPlugins (1ms)
				BeforeProcessingInitializeOnLoad (51ms)
				ProcessInitializeOnLoadAttributes (316ms)
				ProcessInitializeOnLoadMethodAttributes (16ms)
				AfterProcessingInitializeOnLoad (3ms)
				EditorAssembliesLoaded (0ms)
			ExecutionOrderSort2 (0ms)
			AwakeInstancesAfterBackupRestoration (6ms)
Platform modules already initialized, skipping
Refreshing native plugins compatible for Editor in 5.36 ms, found 5 plugins.
Preloading 0 native plugins for Editor in 0.00 ms.
Unloading 3177 Unused Serialized files (Serialized files now loaded: 0)
Unloading 77 unused Assets / (81.6 KB). Loaded Objects now: 3617.
Memory consumption went from 129.8 MB to 129.8 MB.
Total: 3.311000 ms (FindLiveObjects: 0.320600 ms CreateObjectMapping: 0.083400 ms MarkObjects: 2.778700 ms  DeleteObjects: 0.127500 ms)

AssetImportParameters requested are different than current active one (requested -> active):
  custom:video-decoder-ogg-theora: a1e56fd34408186e4bbccfd4996cb3dc -> 
  custom:container-muxer-webm: aa71ff27fc2769a1b78a27578f13a17b -> 
  custom:container-demuxer-webm: 4f35f7cbe854078d1ac9338744f61a02 -> 
  custom:video-encoder-webm-vp8: eb34c28f22e8b96e1ab97ce403110664 -> 
  custom:audio-encoder-webm-vorbis: bf7c407c2cedff20999df2af8eb42d56 -> 
  custom:framework-win-MediaFoundation: 216162199b28c13a410421893ffa2e32 -> 
  custom:container-demuxer-ogg: 62fdf1f143b41e24485cea50d1cbac27 -> 
  custom:video-decoder-webm-vp8: 9c59270c3fd7afecdb556c50c9e8de78 -> 
  custom:audio-decoder-ogg-vorbis: bf7c407c2cedff20999df2af8eb42d56 -> 
========================================================================
Received Import Request.
  Time since last request: 48.768792 seconds.
  path: Assets/AudioManager.cs
  artifactKey: Guid(83d928fb2d9e8104ea5feac1d407ce72) Importer(815301076,1909f56bfc062723c751e8b465ee728b)
Start importing Assets/AudioManager.cs using Guid(83d928fb2d9e8104ea5feac1d407ce72) Importer(815301076,1909f56bfc062723c751e8b465ee728b)  -> (artifact id: '58d63af4b5ecc8f85ed4cd5c986b5072') in 0.007944 seconds 
========================================================================
Received Prepare
Registering precompiled user dll's ...
Registered in 0.005067 seconds.
Begin MonoManager ReloadAssembly
Symbol file LoadedFromMemory doesn't match image K:\Unity Projects\LiamLab\Lab4\Lab4\Library\PackageCache\com.unity.visualscripting@1.8.0\Editor\VisualScripting.Core\Dependencies\DotNetZip\Unity.VisualScripting.IonicZip.dll
Symbol file LoadedFromMemory doesn't match image K:\Unity Projects\LiamLab\Lab4\Lab4\Library\PackageCache\com.unity.visualscripting@1.8.0\Editor\VisualScripting.Core\Dependencies\YamlDotNet\Unity.VisualScripting.YamlDotNet.dll
Native extension for WindowsStandalone target not found
Refreshing native plugins compatible for Editor in 0.89 ms, found 5 plugins.
Preloading 0 native plugins for Editor in 0.00 ms.
Mono: successfully reloaded assembly
- Completed reload, in  0.983 seconds
Domain Reload Profiling:
	ReloadAssembly (983ms)
		BeginReloadAssembly (129ms)
			ExecutionOrderSort (0ms)
			DisableScriptedObjects (5ms)
			BackupInstance (0ms)
			ReleaseScriptingObjects (0ms)
			CreateAndSetChildDomain (35ms)
		EndReloadAssembly (776ms)
			LoadAssemblies (82ms)
			RebuildTransferFunctionScriptingTraits (0ms)
			SetupTypeCache (235ms)
			ReleaseScriptCaches (1ms)
			RebuildScriptCaches (44ms)
			SetupLoadedEditorAssemblies (382ms)
				LogAssemblyErrors (0ms)
				InitializePlatformSupportModulesInManaged (4ms)
				SetLoadedEditorAssemblies (0ms)
				RefreshPlugins (1ms)
				BeforeProcessingInitializeOnLoad (49ms)
				ProcessInitializeOnLoadAttributes (310ms)
				ProcessInitializeOnLoadMethodAttributes (15ms)
				AfterProcessingInitializeOnLoad (4ms)
				EditorAssembliesLoaded (0ms)
			ExecutionOrderSort2 (0ms)
			AwakeInstancesAfterBackupRestoration (5ms)
Platform modules already initialized, skipping
Refreshing native plugins compatible for Editor in 5.03 ms, found 5 plugins.
Preloading 0 native plugins for Editor in 0.00 ms.
Unloading 3177 Unused Serialized files (Serialized files now loaded: 0)
Unloading 77 unused Assets / (81.5 KB). Loaded Objects now: 3620.
Memory consumption went from 129.8 MB to 129.8 MB.
Total: 3.261800 ms (FindLiveObjects: 0.275300 ms CreateObjectMapping: 0.077000 ms MarkObjects: 2.787700 ms  DeleteObjects: 0.120400 ms)

AssetImportParameters requested are different than current active one (requested -> active):
  custom:video-decoder-ogg-theora: a1e56fd34408186e4bbccfd4996cb3dc -> 
  custom:container-muxer-webm: aa71ff27fc2769a1b78a27578f13a17b -> 
  custom:container-demuxer-webm: 4f35f7cbe854078d1ac9338744f61a02 -> 
  custom:video-encoder-webm-vp8: eb34c28f22e8b96e1ab97ce403110664 -> 
  custom:audio-encoder-webm-vorbis: bf7c407c2cedff20999df2af8eb42d56 -> 
  custom:framework-win-MediaFoundation: 216162199b28c13a410421893ffa2e32 -> 
  custom:container-demuxer-ogg: 62fdf1f143b41e24485cea50d1cbac27 -> 
  custom:video-decoder-webm-vp8: 9c59270c3fd7afecdb556c50c9e8de78 -> 
  custom:audio-decoder-ogg-vorbis: bf7c407c2cedff20999df2af8eb42d56 -> 
========================================================================
Received Import Request.
  Time since last request: 96.665582 seconds.
  path: Assets/AudioManager.cs
  artifactKey: Guid(83d928fb2d9e8104ea5feac1d407ce72) Importer(815301076,1909f56bfc062723c751e8b465ee728b)
Start importing Assets/AudioManager.cs using Guid(83d928fb2d9e8104ea5feac1d407ce72) Importer(815301076,1909f56bfc062723c751e8b465ee728b)  -> (artifact id: 'b7942edb0689c26bd8df38049fdfa4d8') in 0.007149 seconds 
========================================================================
Received Prepare
Registering precompiled user dll's ...
Registered in 0.005699 seconds.
Begin MonoManager ReloadAssembly
Symbol file LoadedFromMemory doesn't match image K:\Unity Projects\LiamLab\Lab4\Lab4\Library\PackageCache\com.unity.visualscripting@1.8.0\Editor\VisualScripting.Core\Dependencies\DotNetZip\Unity.VisualScripting.IonicZip.dll
Symbol file LoadedFromMemory doesn't match image K:\Unity Projects\LiamLab\Lab4\Lab4\Library\PackageCache\com.unity.visualscripting@1.8.0\Editor\VisualScripting.Core\Dependencies\YamlDotNet\Unity.VisualScripting.YamlDotNet.dll
Native extension for WindowsStandalone target not found
Refreshing native plugins compatible for Editor in 1.02 ms, found 5 plugins.
Preloading 0 native plugins for Editor in 0.00 ms.
Mono: successfully reloaded assembly
- Completed reload, in  1.017 seconds
Domain Reload Profiling:
	ReloadAssembly (1017ms)
		BeginReloadAssembly (128ms)
			ExecutionOrderSort (0ms)
			DisableScriptedObjects (4ms)
			BackupInstance (0ms)
			ReleaseScriptingObjects (0ms)
			CreateAndSetChildDomain (36ms)
		EndReloadAssembly (810ms)
			LoadAssemblies (81ms)
			RebuildTransferFunctionScriptingTraits (0ms)
			SetupTypeCache (266ms)
			ReleaseScriptCaches (2ms)
			RebuildScriptCaches (49ms)
			SetupLoadedEditorAssemblies (377ms)
				LogAssemblyErrors (0ms)
				InitializePlatformSupportModulesInManaged (4ms)
				SetLoadedEditorAssemblies (0ms)
				RefreshPlugins (1ms)
				BeforeProcessingInitializeOnLoad (48ms)
				ProcessInitializeOnLoadAttributes (305ms)
				ProcessInitializeOnLoadMethodAttributes (16ms)
				AfterProcessingInitializeOnLoad (3ms)
				EditorAssembliesLoaded (0ms)
			ExecutionOrderSort2 (0ms)
			AwakeInstancesAfterBackupRestoration (5ms)
Platform modules already initialized, skipping
Refreshing native plugins compatible for Editor in 5.17 ms, found 5 plugins.
Preloading 0 native plugins for Editor in 0.00 ms.
Unloading 3177 Unused Serialized files (Serialized files now loaded: 0)
Unloading 77 unused Assets / (81.7 KB). Loaded Objects now: 3623.
Memory consumption went from 129.9 MB to 129.8 MB.
Total: 3.659400 ms (FindLiveObjects: 0.316800 ms CreateObjectMapping: 0.084100 ms MarkObjects: 3.130000 ms  DeleteObjects: 0.126800 ms)

AssetImportParameters requested are different than current active one (requested -> active):
  custom:video-decoder-ogg-theora: a1e56fd34408186e4bbccfd4996cb3dc -> 
  custom:container-muxer-webm: aa71ff27fc2769a1b78a27578f13a17b -> 
  custom:container-demuxer-webm: 4f35f7cbe854078d1ac9338744f61a02 -> 
  custom:video-encoder-webm-vp8: eb34c28f22e8b96e1ab97ce403110664 -> 
  custom:audio-encoder-webm-vorbis: bf7c407c2cedff20999df2af8eb42d56 -> 
  custom:framework-win-MediaFoundation: 216162199b28c13a410421893ffa2e32 -> 
  custom:container-demuxer-ogg: 62fdf1f143b41e24485cea50d1cbac27 -> 
  custom:video-decoder-webm-vp8: 9c59270c3fd7afecdb556c50c9e8de78 -> 
  custom:audio-decoder-ogg-vorbis: bf7c407c2cedff20999df2af8eb42d56 -> 
========================================================================
Received Import Request.
  Time since last request: 300.579240 seconds.
  path: Assets/AudioManager.cs
  artifactKey: Guid(83d928fb2d9e8104ea5feac1d407ce72) Importer(815301076,1909f56bfc062723c751e8b465ee728b)
Start importing Assets/AudioManager.cs using Guid(83d928fb2d9e8104ea5feac1d407ce72) Importer(815301076,1909f56bfc062723c751e8b465ee728b)  -> (artifact id: '90a8104987dff8b56161b596ee967857') in 0.007366 seconds 
========================================================================
Received Import Request.
  Time since last request: 82.950029 seconds.
  path: Assets/AudioManager.cs
  artifactKey: Guid(83d928fb2d9e8104ea5feac1d407ce72) Importer(815301076,1909f56bfc062723c751e8b465ee728b)
Start importing Assets/AudioManager.cs using Guid(83d928fb2d9e8104ea5feac1d407ce72) Importer(815301076,1909f56bfc062723c751e8b465ee728b)  -> (artifact id: '7572e7b6550cd6129e5c061e34f3bf46') in 0.001888 seconds 
========================================================================
Received Import Request.
  Time since last request: 193.495052 seconds.
  path: Assets/Plugins/FMOD/src/fmod.cs
  artifactKey: Guid(bd0d0c955caff8940ac1667ee36dd4c9) Importer(815301076,1909f56bfc062723c751e8b465ee728b)
Start importing Assets/Plugins/FMOD/src/fmod.cs using Guid(bd0d0c955caff8940ac1667ee36dd4c9) Importer(815301076,1909f56bfc062723c751e8b465ee728b)  -> (artifact id: '7b1f2c9dbd3e058c19ea5e42875fd777') in 0.006652 seconds 
========================================================================
Received Import Request.
  Time since last request: 0.000263 seconds.
  path: Assets/Plugins/FMOD/src/fmod_dsp.cs
  artifactKey: Guid(b7b10c26cf550794183b926ffae615a7) Importer(815301076,1909f56bfc062723c751e8b465ee728b)
Start importing Assets/Plugins/FMOD/src/fmod_dsp.cs using Guid(b7b10c26cf550794183b926ffae615a7) Importer(815301076,1909f56bfc062723c751e8b465ee728b)  -> (artifact id: '6410c7ce8cff76508da886e5b333f4ae') in 0.005781 seconds 
========================================================================
Received Import Request.
  Time since last request: 0.001139 seconds.
  path: Assets/Plugins/FMOD/src/Editor/EditorEventRef.cs
  artifactKey: Guid(ceb653cd98e289a4e8697a1af55201f2) Importer(815301076,1909f56bfc062723c751e8b465ee728b)
Start importing Assets/Plugins/FMOD/src/Editor/EditorEventRef.cs using Guid(ceb653cd98e289a4e8697a1af55201f2) Importer(815301076,1909f56bfc062723c751e8b465ee728b)  -> (artifact id: 'cf6d5899dac975eaae58f5d0c58ced38') in 0.006468 seconds 
========================================================================
Received Import Request.
  Time since last request: 0.000409 seconds.
  path: Assets/Plugins/FMOD/src/Platform.cs
  artifactKey: Guid(e7df340ba8041134888b271ea2124fcd) Importer(815301076,1909f56bfc062723c751e8b465ee728b)
Start importing Assets/Plugins/FMOD/src/Platform.cs using Guid(e7df340ba8041134888b271ea2124fcd) Importer(815301076,1909f56bfc062723c751e8b465ee728b)  -> (artifact id: '5ca10107a18205a47eb7fb055228d276') in 0.006499 seconds 
========================================================================
Received Import Request.
  Time since last request: 0.012182 seconds.
  path: Assets/Plugins/FMOD/images/StudioIcon.png
  artifactKey: Guid(a4edfa5854cdec34b98b1c55f0562bdd) Importer(815301076,1909f56bfc062723c751e8b465ee728b)
Start importing Assets/Plugins/FMOD/images/StudioIcon.png using Guid(a4edfa5854cdec34b98b1c55f0562bdd) Importer(815301076,1909f56bfc062723c751e8b465ee728b)  -> (artifact id: '04c8afb0a578858462c1ca94776c1cf1') in 0.294341 seconds 
========================================================================
Received Import Request.
  Time since last request: 0.000250 seconds.
  path: Assets/Plugins/FMOD/platforms/win/src/PlatformWindows.cs
  artifactKey: Guid(9660e62d6232af242877f0cc2b90c63d) Importer(815301076,1909f56bfc062723c751e8b465ee728b)
Start importing Assets/Plugins/FMOD/platforms/win/src/PlatformWindows.cs using Guid(9660e62d6232af242877f0cc2b90c63d) Importer(815301076,1909f56bfc062723c751e8b465ee728b)  -> (artifact id: '28f09681c6a77645b5493a828dbba9d4') in 0.005283 seconds 
========================================================================
Received Import Request.
  Time since last request: 0.000368 seconds.
  path: Assets/Plugins/FMOD/src/Editor/EventBrowser.cs
  artifactKey: Guid(5332ad2baabb58844975479e906001c8) Importer(815301076,1909f56bfc062723c751e8b465ee728b)
Start importing Assets/Plugins/FMOD/src/Editor/EventBrowser.cs using Guid(5332ad2baabb58844975479e906001c8) Importer(815301076,1909f56bfc062723c751e8b465ee728b)  -> (artifact id: '002d2765a2922aa8e3dbbed4c2e30eb2') in 0.005915 seconds 
========================================================================
Received Import Request.
  Time since last request: 0.000213 seconds.
  path: Assets/Plugins/FMOD/src/Editor/CreateEventPopup.cs
  artifactKey: Guid(9c9773a32ed4a2b429fd42645175c32b) Importer(815301076,1909f56bfc062723c751e8b465ee728b)
Start importing Assets/Plugins/FMOD/src/Editor/CreateEventPopup.cs using Guid(9c9773a32ed4a2b429fd42645175c32b) Importer(815301076,1909f56bfc062723c751e8b465ee728b)  -> (artifact id: '81ed05f216a1805372ec71488d1ae706') in 0.005832 seconds 
========================================================================
Received Import Request.
  Time since last request: 0.000361 seconds.
  path: Assets/SantaAnimator.cs
  artifactKey: Guid(f9eca832d28a1b84b952fec718188763) Importer(815301076,1909f56bfc062723c751e8b465ee728b)
Start importing Assets/SantaAnimator.cs using Guid(f9eca832d28a1b84b952fec718188763) Importer(815301076,1909f56bfc062723c751e8b465ee728b)  -> (artifact id: '42571b7b347e9a9a58e82a3265ffdcd9') in 0.005850 seconds 
========================================================================
Received Import Request.
  Time since last request: 0.000022 seconds.
  path: Assets/SantaController.cs
  artifactKey: Guid(9c3a996f331e4654ca6ccbadafb903d4) Importer(815301076,1909f56bfc062723c751e8b465ee728b)
Start importing Assets/SantaController.cs using Guid(9c3a996f331e4654ca6ccbadafb903d4) Importer(815301076,1909f56bfc062723c751e8b465ee728b)  -> (artifact id: '667396f0bcadcbc6a9eaf2ac1dc3fa1a') in 0.005475 seconds 
========================================================================
Received Import Request.
  Time since last request: 0.000264 seconds.
  path: Assets/Plugins/FMOD/src/fmod_studio.cs
  artifactKey: Guid(ae7eb0b6a2bff364b9c1fae52173e74c) Importer(815301076,1909f56bfc062723c751e8b465ee728b)
Start importing Assets/Plugins/FMOD/src/fmod_studio.cs using Guid(ae7eb0b6a2bff364b9c1fae52173e74c) Importer(815301076,1909f56bfc062723c751e8b465ee728b)  -> (artifact id: 'df4fe4de57d3971ab8d76bd954592c59') in 0.005913 seconds 
========================================================================
Received Import Request.
  Time since last request: 0.000503 seconds.
  path: Assets/Plugins/FMOD/src/ParamRef.cs
  artifactKey: Guid(00e1a9817a5d9844796d7c313b1ab197) Importer(815301076,1909f56bfc062723c751e8b465ee728b)
Start importing Assets/Plugins/FMOD/src/ParamRef.cs using Guid(00e1a9817a5d9844796d7c313b1ab197) Importer(815301076,1909f56bfc062723c751e8b465ee728b)  -> (artifact id: 'ed2ea0b2a528ab979793292990581acb') in 0.006275 seconds 
========================================================================
Received Import Request.
  Time since last request: 0.000126 seconds.
  path: Assets/Plugins/FMOD/platforms/ios/src/PlatformIOS.cs
  artifactKey: Guid(bc1f51bc35d549941904cf062bae93a3) Importer(815301076,1909f56bfc062723c751e8b465ee728b)
Start importing Assets/Plugins/FMOD/platforms/ios/src/PlatformIOS.cs using Guid(bc1f51bc35d549941904cf062bae93a3) Importer(815301076,1909f56bfc062723c751e8b465ee728b)  -> (artifact id: '68a292fe12e9f7d9e6a6bc96303625f3') in 0.006524 seconds 
========================================================================
Received Import Request.
  Time since last request: 0.001612 seconds.
  path: Assets/Plugins/FMOD/src/PlatformPlayInEditor.cs
  artifactKey: Guid(335f0a4b26fb46942858ea029e030d2a) Importer(815301076,1909f56bfc062723c751e8b465ee728b)
Start importing Assets/Plugins/FMOD/src/PlatformPlayInEditor.cs using Guid(335f0a4b26fb46942858ea029e030d2a) Importer(815301076,1909f56bfc062723c751e8b465ee728b)  -> (artifact id: 'a881271b3c57837ae94e109bacaeb91f') in 0.006221 seconds 
========================================================================
Received Import Request.
  Time since last request: 0.000074 seconds.
  path: Assets/PlayerController.cs
  artifactKey: Guid(047e8f2b25d446841a07b0e3fa281fef) Importer(815301076,1909f56bfc062723c751e8b465ee728b)
Start importing Assets/PlayerController.cs using Guid(047e8f2b25d446841a07b0e3fa281fef) Importer(815301076,1909f56bfc062723c751e8b465ee728b)  -> (artifact id: '803b15dbd8de363963359fc85441b8c8') in 0.005298 seconds 
========================================================================
Received Import Request.
  Time since last request: 0.000161 seconds.
  path: Assets/Plugins/FMOD/platforms/android/src/PlatformAndroid.cs
  artifactKey: Guid(97ba6cc2660c0ca498540d254701057a) Importer(815301076,1909f56bfc062723c751e8b465ee728b)
Start importing Assets/Plugins/FMOD/platforms/android/src/PlatformAndroid.cs using Guid(97ba6cc2660c0ca498540d254701057a) Importer(815301076,1909f56bfc062723c751e8b465ee728b)  -> (artifact id: '3d529f8b8cff0c596acaeb59db9fec73') in 0.005922 seconds 
========================================================================
Received Import Request.
  Time since last request: 0.000527 seconds.
  path: Assets/Plugins/FMOD/src/Settings.cs
  artifactKey: Guid(eef8d824ea7b63742966aaa0e94ac383) Importer(815301076,1909f56bfc062723c751e8b465ee728b)
Start importing Assets/Plugins/FMOD/src/Settings.cs using Guid(eef8d824ea7b63742966aaa0e94ac383) Importer(815301076,1909f56bfc062723c751e8b465ee728b)  -> (artifact id: '553feda1218c750c9e6a66b75b83645b') in 0.026478 seconds 
========================================================================
Received Import Request.
  Time since last request: 0.000456 seconds.
  path: Assets/Plugins/FMOD/src/BankRefAttribute.cs
  artifactKey: Guid(a8ab5f38e7776644297d8b3687c39b49) Importer(815301076,1909f56bfc062723c751e8b465ee728b)
Start importing Assets/Plugins/FMOD/src/BankRefAttribute.cs using Guid(a8ab5f38e7776644297d8b3687c39b49) Importer(815301076,1909f56bfc062723c751e8b465ee728b)  -> (artifact id: '0e443c6049881841fb93a56f7939d434') in 0.005277 seconds 
========================================================================
Received Import Request.
  Time since last request: 0.001854 seconds.
  path: Assets/Plugins/FMOD/platforms/tvos/src/PlatformAppleTV.cs
  artifactKey: Guid(17eea195bdfbf014e91ba7620ee491f8) Importer(815301076,1909f56bfc062723c751e8b465ee728b)
Start importing Assets/Plugins/FMOD/platforms/tvos/src/PlatformAppleTV.cs using Guid(17eea195bdfbf014e91ba7620ee491f8) Importer(815301076,1909f56bfc062723c751e8b465ee728b)  -> (artifact id: 'f34ef7251c6f454fcf7952e832beb436') in 0.005328 seconds 
========================================================================
Received Import Request.
  Time since last request: 0.000752 seconds.
  path: Assets/Plugins/FMOD/src/Editor/EventReferenceUpdater.cs
  artifactKey: Guid(0b58df65bd3bb6649801b24a7a942ccb) Importer(815301076,1909f56bfc062723c751e8b465ee728b)
Start importing Assets/Plugins/FMOD/src/Editor/EventReferenceUpdater.cs using Guid(0b58df65bd3bb6649801b24a7a942ccb) Importer(815301076,1909f56bfc062723c751e8b465ee728b)  -> (artifact id: '3cc5bb2bcd462538863aa73bc84e4d08') in 0.006161 seconds 
========================================================================
Received Import Request.
  Time since last request: 0.000522 seconds.
  path: Assets/Plugins/FMOD/src/Editor/ParamRefDrawer.cs
  artifactKey: Guid(ea88808aa26cd614db1c5c1dcbb14d4e) Importer(815301076,1909f56bfc062723c751e8b465ee728b)
Start importing Assets/Plugins/FMOD/src/Editor/ParamRefDrawer.cs using Guid(ea88808aa26cd614db1c5c1dcbb14d4e) Importer(815301076,1909f56bfc062723c751e8b465ee728b)  -> (artifact id: '77766c9c41dca3a184ad016867a6395e') in 0.007332 seconds 
========================================================================
Received Import Request.
  Time since last request: 0.000250 seconds.
  path: Assets/Plugins/FMOD/src/ParamRefAttribute.cs
  artifactKey: Guid(7ae6224668d1647429723f89e10d593f) Importer(815301076,1909f56bfc062723c751e8b465ee728b)
Start importing Assets/Plugins/FMOD/src/ParamRefAttribute.cs using Guid(7ae6224668d1647429723f89e10d593f) Importer(815301076,1909f56bfc062723c751e8b465ee728b)  -> (artifact id: 'd69c162b48923d5572a4821d8b85edc0') in 0.005307 seconds 
========================================================================
Received Import Request.
  Time since last request: 0.000309 seconds.
  path: Assets/Plugins/FMOD/src/Editor/BankRefreshWindow.cs
  artifactKey: Guid(40a1ca322d08d704eacd449863718b31) Importer(815301076,1909f56bfc062723c751e8b465ee728b)
Start importing Assets/Plugins/FMOD/src/Editor/BankRefreshWindow.cs using Guid(40a1ca322d08d704eacd449863718b31) Importer(815301076,1909f56bfc062723c751e8b465ee728b)  -> (artifact id: '3d87e05559fadc27344cbf7d123eeb37') in 0.005229 seconds 
========================================================================
Received Import Request.
  Time since last request: 0.000179 seconds.
  path: Assets/Plugins/FMOD/src/FMODEventPlayable.cs
  artifactKey: Guid(987a467495df9d942b56b1b51381d095) Importer(815301076,1909f56bfc062723c751e8b465ee728b)
Start importing Assets/Plugins/FMOD/src/FMODEventPlayable.cs using Guid(987a467495df9d942b56b1b51381d095) Importer(815301076,1909f56bfc062723c751e8b465ee728b)  -> (artifact id: '6748c4fd370d9afd95fadfd876c7adb4') in 0.004883 seconds 
========================================================================
Received Import Request.
  Time since last request: 0.000137 seconds.
  path: Assets/Plugins/FMOD/src/PlatformGroup.cs
  artifactKey: Guid(6d049eb0281db9c4abd635ba1c79cb7b) Importer(815301076,1909f56bfc062723c751e8b465ee728b)
Start importing Assets/Plugins/FMOD/src/PlatformGroup.cs using Guid(6d049eb0281db9c4abd635ba1c79cb7b) Importer(815301076,1909f56bfc062723c751e8b465ee728b)  -> (artifact id: 'c6934ad8bb5f735a37b259e2693827fb') in 0.005735 seconds 
========================================================================
Received Import Request.
  Time since last request: 0.000284 seconds.
  path: Assets/Plugins/FMOD/src/Editor/EditorParamRef.cs
  artifactKey: Guid(fecb8ef7f94ca804a8ab72049b86782e) Importer(815301076,1909f56bfc062723c751e8b465ee728b)
Start importing Assets/Plugins/FMOD/src/Editor/EditorParamRef.cs using Guid(fecb8ef7f94ca804a8ab72049b86782e) Importer(815301076,1909f56bfc062723c751e8b465ee728b)  -> (artifact id: 'c318e3635c897c0a44ecd9fd4b793385') in 0.005389 seconds 
========================================================================
Received Import Request.
  Time since last request: 0.000260 seconds.
  path: Assets/Plugins/FMOD/src/StudioListener.cs
  artifactKey: Guid(86c6556701af9e04380698b89f691b6e) Importer(815301076,1909f56bfc062723c751e8b465ee728b)
Start importing Assets/Plugins/FMOD/src/StudioListener.cs using Guid(86c6556701af9e04380698b89f691b6e) Importer(815301076,1909f56bfc062723c751e8b465ee728b)  -> (artifact id: '5188995cd701c33814bbe4879b24d645') in 0.007227 seconds 
========================================================================
Received Import Request.
  Time since last request: 0.047842 seconds.
  path: Assets/Plugins/FMOD/src/Editor/SetupWizard.cs
  artifactKey: Guid(aa9a0c70fef01fb43b8eff668bfa0e9c) Importer(815301076,1909f56bfc062723c751e8b465ee728b)
Start importing Assets/Plugins/FMOD/src/Editor/SetupWizard.cs using Guid(aa9a0c70fef01fb43b8eff668bfa0e9c) Importer(815301076,1909f56bfc062723c751e8b465ee728b)  -> (artifact id: '00470bccab6e0bff254afab5576ee0f2') in 0.005874 seconds 
========================================================================
Received Import Request.
  Time since last request: 0.000124 seconds.
  path: Assets/Plugins/FMOD/src/Editor/EventManager.cs
  artifactKey: Guid(1fc38201a5edb994c874a4a61e96053b) Importer(815301076,1909f56bfc062723c751e8b465ee728b)
Start importing Assets/Plugins/FMOD/src/Editor/EventManager.cs using Guid(1fc38201a5edb994c874a4a61e96053b) Importer(815301076,1909f56bfc062723c751e8b465ee728b)  -> (artifact id: '114e6200ad953cef8f3dd90fa89ebde9') in 0.006235 seconds 
========================================================================
Received Import Request.
  Time since last request: 0.000319 seconds.
  path: Assets/Plugins/FMOD/src/PlatformMobileLow.cs
  artifactKey: Guid(3abeb1429547a134480f4f2f1efc7e21) Importer(815301076,1909f56bfc062723c751e8b465ee728b)
Start importing Assets/Plugins/FMOD/src/PlatformMobileLow.cs using Guid(3abeb1429547a134480f4f2f1efc7e21) Importer(815301076,1909f56bfc062723c751e8b465ee728b)  -> (artifact id: '59e36bda6089ec72e11387cfdf20684b') in 0.006014 seconds 
========================================================================
Received Import Request.
  Time since last request: 0.000018 seconds.
  path: Assets/Plugins/FMOD/src/RuntimeManager.cs
  artifactKey: Guid(5e5fb8ce07f0ce84b9d1852869527ea5) Importer(815301076,1909f56bfc062723c751e8b465ee728b)
Start importing Assets/Plugins/FMOD/src/RuntimeManager.cs using Guid(5e5fb8ce07f0ce84b9d1852869527ea5) Importer(815301076,1909f56bfc062723c751e8b465ee728b)  -> (artifact id: '8be1a2b1a54f7bb1dd9e50b78c4b1d69') in 0.005399 seconds 
========================================================================
Received Import Request.
  Time since last request: 0.000378 seconds.
  path: Assets/Plugins/FMOD/src/StudioEventEmitter.cs
  artifactKey: Guid(9a6610d2e704f1648819acc8d7460285) Importer(815301076,1909f56bfc062723c751e8b465ee728b)
Start importing Assets/Plugins/FMOD/src/StudioEventEmitter.cs using Guid(9a6610d2e704f1648819acc8d7460285) Importer(815301076,1909f56bfc062723c751e8b465ee728b)  -> (artifact id: '34329669a4bd2258775c7f0f8d45304d') in 0.005231 seconds 
========================================================================
Received Import Request.
  Time since last request: 0.000018 seconds.
  path: Assets/Plugins/FMOD/src/Editor/FileReorganizer.cs
  artifactKey: Guid(3349615af02d64e4e8d1026e228c4a25) Importer(815301076,1909f56bfc062723c751e8b465ee728b)
Start importing Assets/Plugins/FMOD/src/Editor/FileReorganizer.cs using Guid(3349615af02d64e4e8d1026e228c4a25) Importer(815301076,1909f56bfc062723c751e8b465ee728b)  -> (artifact id: '2dc3fe3b7f2afae31d1c8543aafa6dc2') in 0.006072 seconds 
========================================================================
Received Import Request.
  Time since last request: 0.000020 seconds.
  path: Assets/Plugins/FMOD/src/Editor/EventRefDrawer.cs
  artifactKey: Guid(29a86a77bf7568e499243d9b47b7e88e) Importer(815301076,1909f56bfc062723c751e8b465ee728b)
Start importing Assets/Plugins/FMOD/src/Editor/EventRefDrawer.cs using Guid(29a86a77bf7568e499243d9b47b7e88e) Importer(815301076,1909f56bfc062723c751e8b465ee728b)  -> (artifact id: '8820e2900cc20a33c8821c6ec5492695') in 0.005555 seconds 
========================================================================
Received Import Request.
  Time since last request: 0.000541 seconds.
  path: Assets/Plugins/FMOD/src/Editor/StudioListenerEditor.cs
  artifactKey: Guid(847f8505c25f5cf42adba68a26f2cda6) Importer(815301076,1909f56bfc062723c751e8b465ee728b)
Start importing Assets/Plugins/FMOD/src/Editor/StudioListenerEditor.cs using Guid(847f8505c25f5cf42adba68a26f2cda6) Importer(815301076,1909f56bfc062723c751e8b465ee728b)  -> (artifact id: '8c7e6d0374a2eaee2389a7b58243aea6') in 0.005950 seconds 
========================================================================
Received Import Request.
  Time since last request: 0.000443 seconds.
  path: Assets/Plugins/FMOD/src/EventHandler.cs
  artifactKey: Guid(a28d1e1a42561ed4f8d44293dab99079) Importer(815301076,1909f56bfc062723c751e8b465ee728b)
Start importing Assets/Plugins/FMOD/src/EventHandler.cs using Guid(a28d1e1a42561ed4f8d44293dab99079) Importer(815301076,1909f56bfc062723c751e8b465ee728b)  -> (artifact id: '0f15a92141e5adc8ea87c87c91cb1b94') in 0.005601 seconds 
========================================================================
Received Import Request.
  Time since last request: 0.000029 seconds.
  path: Assets/Plugins/FMOD/src/fmod_errors.cs
  artifactKey: Guid(6e0992509b0077e479d2da05c8f52eb0) Importer(815301076,1909f56bfc062723c751e8b465ee728b)
Start importing Assets/Plugins/FMOD/src/fmod_errors.cs using Guid(6e0992509b0077e479d2da05c8f52eb0) Importer(815301076,1909f56bfc062723c751e8b465ee728b)  -> (artifact id: '85684897edc31dd510c1034517ce4df2') in 0.005328 seconds 
========================================================================
Received Import Request.
  Time since last request: 0.000038 seconds.
  path: Assets/Plugins/FMOD/src/FMODEventTrack.cs
  artifactKey: Guid(133253f56854570409c222a87786b263) Importer(815301076,1909f56bfc062723c751e8b465ee728b)
Start importing Assets/Plugins/FMOD/src/FMODEventTrack.cs using Guid(133253f56854570409c222a87786b263) Importer(815301076,1909f56bfc062723c751e8b465ee728b)  -> (artifact id: '888f88f6893c13919966b45211ab04c7') in 0.005046 seconds 
========================================================================
Received Import Request.
  Time since last request: 0.000332 seconds.
  path: Assets/Plugins/FMOD/src/Editor/SettingsEditor.cs
  artifactKey: Guid(353a9c870c318f74fa5fdcd475129bae) Importer(815301076,1909f56bfc062723c751e8b465ee728b)
Start importing Assets/Plugins/FMOD/src/Editor/SettingsEditor.cs using Guid(353a9c870c318f74fa5fdcd475129bae) Importer(815301076,1909f56bfc062723c751e8b465ee728b)  -> (artifact id: 'fa1b98b729ccffab9887b694e2ca53a0') in 0.005067 seconds 
========================================================================
Received Import Request.
  Time since last request: 0.000023 seconds.
  path: Assets/Plugins/FMOD/src/RuntimeUtils.cs
  artifactKey: Guid(6e349601408e423499e7b9f75216091d) Importer(815301076,1909f56bfc062723c751e8b465ee728b)
Start importing Assets/Plugins/FMOD/src/RuntimeUtils.cs using Guid(6e349601408e423499e7b9f75216091d) Importer(815301076,1909f56bfc062723c751e8b465ee728b)  -> (artifact id: '824202e5f0a7e0de91b82fefbdd75cba') in 0.005532 seconds 
========================================================================
Received Import Request.
  Time since last request: 0.000369 seconds.
  path: Assets/Plugins/FMOD/src/Editor/FMODEventPlayableEditor.cs
  artifactKey: Guid(fa325be8441506c4bb1462c8333ccce9) Importer(815301076,1909f56bfc062723c751e8b465ee728b)
Start importing Assets/Plugins/FMOD/src/Editor/FMODEventPlayableEditor.cs using Guid(fa325be8441506c4bb1462c8333ccce9) Importer(815301076,1909f56bfc062723c751e8b465ee728b)  -> (artifact id: '8a7d78ce91e8bd621982fd3b23dbfaef') in 0.005398 seconds 
========================================================================
Received Import Request.
  Time since last request: 0.000018 seconds.
  path: Assets/Plugins/FMOD/src/StudioGlobalParameterTrigger.cs
  artifactKey: Guid(9b0e04e2572f9a940a47465f6f3c2f00) Importer(815301076,1909f56bfc062723c751e8b465ee728b)
Start importing Assets/Plugins/FMOD/src/StudioGlobalParameterTrigger.cs using Guid(9b0e04e2572f9a940a47465f6f3c2f00) Importer(815301076,1909f56bfc062723c751e8b465ee728b)  -> (artifact id: '7be17aee19533a09408fbe268bff135b') in 0.005845 seconds 
========================================================================
Received Import Request.
  Time since last request: 0.000482 seconds.
  path: Assets/Plugins/FMOD/addons/ResonanceAudio/Editor/FmodResonanceAudioRoomEditor.cs
  artifactKey: Guid(935c6716e27bd481e97897dd9e1de595) Importer(815301076,1909f56bfc062723c751e8b465ee728b)
Start importing Assets/Plugins/FMOD/addons/ResonanceAudio/Editor/FmodResonanceAudioRoomEditor.cs using Guid(935c6716e27bd481e97897dd9e1de595) Importer(815301076,1909f56bfc062723c751e8b465ee728b)  -> (artifact id: '08cfe8f6c6f228b6d65229f7a9d31c58') in 0.005582 seconds 
========================================================================
Received Import Request.
  Time since last request: 0.000019 seconds.
  path: Assets/Plugins/FMOD/src/AutomatableSlots.cs
  artifactKey: Guid(9c13d4e62f5f7b44bb33162cbf29a9f8) Importer(815301076,1909f56bfc062723c751e8b465ee728b)
Start importing Assets/Plugins/FMOD/src/AutomatableSlots.cs using Guid(9c13d4e62f5f7b44bb33162cbf29a9f8) Importer(815301076,1909f56bfc062723c751e8b465ee728b)  -> (artifact id: '649e343a5eae237b63b9fe80d94ca148') in 0.006052 seconds 
========================================================================
Received Import Request.
  Time since last request: 0.000019 seconds.
  path: Assets/Plugins/FMOD/src/Editor/EventCache.cs
  artifactKey: Guid(d32cf7c32a3ed8347bac48ef5ed56d82) Importer(815301076,1909f56bfc062723c751e8b465ee728b)
Start importing Assets/Plugins/FMOD/src/Editor/EventCache.cs using Guid(d32cf7c32a3ed8347bac48ef5ed56d82) Importer(815301076,1909f56bfc062723c751e8b465ee728b)  -> (artifact id: 'c435e8e4403cea99e59dcc06be1d6d89') in 0.005623 seconds 
========================================================================
Received Import Request.
  Time since last request: 0.000284 seconds.
  path: Assets/Plugins/FMOD/addons/ResonanceAudio/Scripts/FmodResonanceAudio.cs
  artifactKey: Guid(6794e6301575a445d8588930a0752568) Importer(815301076,1909f56bfc062723c751e8b465ee728b)
Start importing Assets/Plugins/FMOD/addons/ResonanceAudio/Scripts/FmodResonanceAudio.cs using Guid(6794e6301575a445d8588930a0752568) Importer(815301076,1909f56bfc062723c751e8b465ee728b)  -> (artifact id: 'f03bf28a5bcaa9127a6a5d3e71267c41') in 0.006155 seconds 
========================================================================
Received Import Request.
  Time since last request: 0.000241 seconds.
  path: Assets/Plugins/FMOD/src/Editor/FMODEventTrackEditor.cs
  artifactKey: Guid(31e1c5e7d70e58f45ae86764f7c3ec2f) Importer(815301076,1909f56bfc062723c751e8b465ee728b)
Start importing Assets/Plugins/FMOD/src/Editor/FMODEventTrackEditor.cs using Guid(31e1c5e7d70e58f45ae86764f7c3ec2f) Importer(815301076,1909f56bfc062723c751e8b465ee728b)  -> (artifact id: 'c6bf7b77c266be8263d74a4444bb0d20') in 0.005575 seconds 
========================================================================
Received Import Request.
  Time since last request: 0.018998 seconds.
  path: Assets/Plugins/FMOD/src/Editor/BankRefDrawer.cs
  artifactKey: Guid(49ebe6fea5e4bfc4bb492bba062b2afe) Importer(815301076,1909f56bfc062723c751e8b465ee728b)
Start importing Assets/Plugins/FMOD/src/Editor/BankRefDrawer.cs using Guid(49ebe6fea5e4bfc4bb492bba062b2afe) Importer(815301076,1909f56bfc062723c751e8b465ee728b)  -> (artifact id: 'fe10390e40c704a7e06d9b6d7d8be79d') in 0.006307 seconds 
========================================================================
Received Import Request.
  Time since last request: 0.000922 seconds.
  path: Assets/Plugins/FMOD/src/Editor/ListView.cs
  artifactKey: Guid(1573bef36bd46e34f8f2b4dad628a461) Importer(815301076,1909f56bfc062723c751e8b465ee728b)
Start importing Assets/Plugins/FMOD/src/Editor/ListView.cs using Guid(1573bef36bd46e34f8f2b4dad628a461) Importer(815301076,1909f56bfc062723c751e8b465ee728b)  -> (artifact id: '0d3d27705126e10196409884cdbcf2e2') in 0.005591 seconds 
========================================================================
Received Import Request.
  Time since last request: 0.000423 seconds.
  path: Assets/Plugins/FMOD/src/Editor/BoltIntegration.cs
  artifactKey: Guid(f876942dd549ef444a82ab923e75ccb1) Importer(815301076,1909f56bfc062723c751e8b465ee728b)
Start importing Assets/Plugins/FMOD/src/Editor/BoltIntegration.cs using Guid(f876942dd549ef444a82ab923e75ccb1) Importer(815301076,1909f56bfc062723c751e8b465ee728b)  -> (artifact id: '47d23f2762e258ddc90048b0daff07a7') in 0.005848 seconds 
========================================================================
Received Import Request.
  Time since last request: 0.000451 seconds.
  path: Assets/Plugins/FMOD/src/Editor/StudioEventEmitterEditor.cs
  artifactKey: Guid(2b044fd4ebf2c42468e1f41d5e2b879c) Importer(815301076,1909f56bfc062723c751e8b465ee728b)
Start importing Assets/Plugins/FMOD/src/Editor/StudioEventEmitterEditor.cs using Guid(2b044fd4ebf2c42468e1f41d5e2b879c) Importer(815301076,1909f56bfc062723c751e8b465ee728b)  -> (artifact id: 'c2ebf187fbde53f77edf9624fc34a1f6') in 0.006382 seconds 
========================================================================
Received Import Request.
  Time since last request: 0.000285 seconds.
  path: Assets/Plugins/FMOD/src/EventRefAttribute.cs
  artifactKey: Guid(1b29a1189268c3b47aa2ec4b96a9e7ef) Importer(815301076,1909f56bfc062723c751e8b465ee728b)
Start importing Assets/Plugins/FMOD/src/EventRefAttribute.cs using Guid(1b29a1189268c3b47aa2ec4b96a9e7ef) Importer(815301076,1909f56bfc062723c751e8b465ee728b)  -> (artifact id: '6c3fd46ddef1285c946d9b54075ab52f') in 0.005344 seconds 
========================================================================
Received Import Request.
  Time since last request: 0.000580 seconds.
  path: Assets/Plugins/FMOD/src/Editor/EditorBankRef.cs
  artifactKey: Guid(c18180ecb35941f4682ae60107b85b7c) Importer(815301076,1909f56bfc062723c751e8b465ee728b)
Start importing Assets/Plugins/FMOD/src/Editor/EditorBankRef.cs using Guid(c18180ecb35941f4682ae60107b85b7c) Importer(815301076,1909f56bfc062723c751e8b465ee728b)  -> (artifact id: 'b7a23aa72e2adff4a154be4bfb6c9b14') in 0.005722 seconds 
========================================================================
Received Import Request.
  Time since last request: 0.000372 seconds.
  path: Assets/Plugins/FMOD/src/Editor/EditorUtils.cs
  artifactKey: Guid(2bb4068641d1f71478f95a9b73533f51) Importer(815301076,1909f56bfc062723c751e8b465ee728b)
Start importing Assets/Plugins/FMOD/src/Editor/EditorUtils.cs using Guid(2bb4068641d1f71478f95a9b73533f51) Importer(815301076,1909f56bfc062723c751e8b465ee728b)  -> (artifact id: '27c27847c0cc79a4ff35560b1b66ecdb') in 0.005806 seconds 
========================================================================
Received Import Request.
  Time since last request: 0.000268 seconds.
  path: Assets/GameController.cs
  artifactKey: Guid(11415f9332657e549af505a489865561) Importer(815301076,1909f56bfc062723c751e8b465ee728b)
Start importing Assets/GameController.cs using Guid(11415f9332657e549af505a489865561) Importer(815301076,1909f56bfc062723c751e8b465ee728b)  -> (artifact id: '916c47339c9fef6ba8236520a1e3ac93') in 0.006407 seconds 
========================================================================
Received Import Request.
  Time since last request: 0.000112 seconds.
  path: Assets/LookController.cs
  artifactKey: Guid(febbecd76eec53240ad4fa824a3d8feb) Importer(815301076,1909f56bfc062723c751e8b465ee728b)
Start importing Assets/LookController.cs using Guid(febbecd76eec53240ad4fa824a3d8feb) Importer(815301076,1909f56bfc062723c751e8b465ee728b)  -> (artifact id: 'b67f87ddaa1e20ee93e8084befdf1fcb') in 0.007019 seconds 
========================================================================
Received Import Request.
  Time since last request: 0.000056 seconds.
  path: Assets/Plugins/FMOD/src/EventReference.cs
  artifactKey: Guid(1b1e4da3fb15e7a45a8f104b7d0fd6d9) Importer(815301076,1909f56bfc062723c751e8b465ee728b)
Start importing Assets/Plugins/FMOD/src/EventReference.cs using Guid(1b1e4da3fb15e7a45a8f104b7d0fd6d9) Importer(815301076,1909f56bfc062723c751e8b465ee728b)  -> (artifact id: 'f39d76f1bda19e42e8bdcbf0f0751aac') in 0.006730 seconds 
========================================================================
Received Import Request.
  Time since last request: 0.000084 seconds.
  path: Assets/Plugins/FMOD/src/Editor/LogViewer.cs
  artifactKey: Guid(255133e2dd4fbd9449ba729ddbb2f77f) Importer(815301076,1909f56bfc062723c751e8b465ee728b)
Start importing Assets/Plugins/FMOD/src/Editor/LogViewer.cs using Guid(255133e2dd4fbd9449ba729ddbb2f77f) Importer(815301076,1909f56bfc062723c751e8b465ee728b)  -> (artifact id: '114397ecea0fb76a36ee81d865e0455d') in 0.005988 seconds 
========================================================================
Received Import Request.
  Time since last request: 0.000023 seconds.
  path: Assets/Plugins/FMOD/src/PlatformMobileHigh.cs
  artifactKey: Guid(93a382382f106584e8f8f62412fee177) Importer(815301076,1909f56bfc062723c751e8b465ee728b)
Start importing Assets/Plugins/FMOD/src/PlatformMobileHigh.cs using Guid(93a382382f106584e8f8f62412fee177) Importer(815301076,1909f56bfc062723c751e8b465ee728b)  -> (artifact id: '5d90ee721cfc9a04c61cb4aa9ace2b64') in 0.005730 seconds 
========================================================================
Received Import Request.
  Time since last request: 0.000228 seconds.
  path: Assets/Plugins/FMOD/platforms/html5/src/PlatformWebGL.cs
  artifactKey: Guid(b87314b32fbe18943af496e4b47136c6) Importer(815301076,1909f56bfc062723c751e8b465ee728b)
Start importing Assets/Plugins/FMOD/platforms/html5/src/PlatformWebGL.cs using Guid(b87314b32fbe18943af496e4b47136c6) Importer(815301076,1909f56bfc062723c751e8b465ee728b)  -> (artifact id: 'ecf9ccae6320bf7a858bc8a7dffa654b') in 0.005600 seconds 
========================================================================
Received Import Request.
  Time since last request: 0.000234 seconds.
  path: Assets/Plugins/FMOD/src/Editor/StudioParameterTriggerEditor.cs
  artifactKey: Guid(dc94d213814ef1a42b0ca8ee00dd4728) Importer(815301076,1909f56bfc062723c751e8b465ee728b)
Start importing Assets/Plugins/FMOD/src/Editor/StudioParameterTriggerEditor.cs using Guid(dc94d213814ef1a42b0ca8ee00dd4728) Importer(815301076,1909f56bfc062723c751e8b465ee728b)  -> (artifact id: 'f8c9737c5dfda9d6264e9e2b4e9ef98d') in 0.005109 seconds 
========================================================================
Received Import Request.
  Time since last request: 0.000260 seconds.
  path: Assets/Plugins/FMOD/src/StudioParameterTrigger.cs
  artifactKey: Guid(744a208c85da6d04c861d81b992e4ead) Importer(815301076,1909f56bfc062723c751e8b465ee728b)
Start importing Assets/Plugins/FMOD/src/StudioParameterTrigger.cs using Guid(744a208c85da6d04c861d81b992e4ead) Importer(815301076,1909f56bfc062723c751e8b465ee728b)  -> (artifact id: 'ed960cb4e0a8de25fe1c6f5b0a973ce7') in 0.005500 seconds 
========================================================================
Received Import Request.
  Time since last request: 0.000025 seconds.
  path: Assets/Plugins/FMOD/platforms/mac/src/PlatformMac.cs
  artifactKey: Guid(d92d0baf34dae0e4ea032a42bd6107c0) Importer(815301076,1909f56bfc062723c751e8b465ee728b)
Start importing Assets/Plugins/FMOD/platforms/mac/src/PlatformMac.cs using Guid(d92d0baf34dae0e4ea032a42bd6107c0) Importer(815301076,1909f56bfc062723c751e8b465ee728b)  -> (artifact id: 'd492fd2b304d7bb4f20ebb8dcb71c91f') in 0.005654 seconds 
========================================================================
Received Import Request.
  Time since last request: 0.001387 seconds.
  path: Assets/Plugins/FMOD/src/Editor/EditorSettings.cs
  artifactKey: Guid(3c9e3e2137498d343a2e31906a12dec2) Importer(815301076,1909f56bfc062723c751e8b465ee728b)
Start importing Assets/Plugins/FMOD/src/Editor/EditorSettings.cs using Guid(3c9e3e2137498d343a2e31906a12dec2) Importer(815301076,1909f56bfc062723c751e8b465ee728b)  -> (artifact id: '0b02bbd40a7cb33ccbb167ed1c1408e1') in 0.005467 seconds 
========================================================================
Received Import Request.
  Time since last request: 0.000126 seconds.
  path: Assets/Plugins/FMOD/src/Editor/StudioEventEmitterGizmoDrawer.cs
  artifactKey: Guid(f09ba26caab55e048a2e596ff75b3eab) Importer(815301076,1909f56bfc062723c751e8b465ee728b)
Start importing Assets/Plugins/FMOD/src/Editor/StudioEventEmitterGizmoDrawer.cs using Guid(f09ba26caab55e048a2e596ff75b3eab) Importer(815301076,1909f56bfc062723c751e8b465ee728b)  -> (artifact id: '56ca09e261116caf177d122f4d9866b1') in 0.005001 seconds 
========================================================================
Received Import Request.
  Time since last request: 0.000025 seconds.
  path: Assets/Plugins/FMOD/src/FMODRuntimeManagerOnGUIHelper.cs
  artifactKey: Guid(4417faacebce0de4fbde25ec23055cf4) Importer(815301076,1909f56bfc062723c751e8b465ee728b)
Start importing Assets/Plugins/FMOD/src/FMODRuntimeManagerOnGUIHelper.cs using Guid(4417faacebce0de4fbde25ec23055cf4) Importer(815301076,1909f56bfc062723c751e8b465ee728b)  -> (artifact id: 'dd39c36ef4af866938b5eb824800294c') in 0.005473 seconds 
========================================================================
Received Import Request.
  Time since last request: 0.000302 seconds.
  path: Assets/Plugins/FMOD/src/StudioBankLoader.cs
  artifactKey: Guid(b9468c5f457ace64f8d4df6d642b107f) Importer(815301076,1909f56bfc062723c751e8b465ee728b)
Start importing Assets/Plugins/FMOD/src/StudioBankLoader.cs using Guid(b9468c5f457ace64f8d4df6d642b107f) Importer(815301076,1909f56bfc062723c751e8b465ee728b)  -> (artifact id: '83ad816916b791407e0c712f46e9f291') in 0.005952 seconds 
========================================================================
Received Import Request.
  Time since last request: 0.000180 seconds.
  path: Assets/Plugins/FMOD/addons/ResonanceAudio/Scripts/FmodResonanceAudioRoom.cs
  artifactKey: Guid(6b0c5e63920ee4f55b7ec5248525af4b) Importer(815301076,1909f56bfc062723c751e8b465ee728b)
Start importing Assets/Plugins/FMOD/addons/ResonanceAudio/Scripts/FmodResonanceAudioRoom.cs using Guid(6b0c5e63920ee4f55b7ec5248525af4b) Importer(815301076,1909f56bfc062723c751e8b465ee728b)  -> (artifact id: 'be925cadbc27f29b3094ad879790e49a') in 0.005670 seconds 
========================================================================
Received Import Request.
  Time since last request: 0.000286 seconds.
  path: Assets/Plugins/FMOD/src/PlatformDefault.cs
  artifactKey: Guid(9587379c972e4a54da1949613f11e1c6) Importer(815301076,1909f56bfc062723c751e8b465ee728b)
Start importing Assets/Plugins/FMOD/src/PlatformDefault.cs using Guid(9587379c972e4a54da1949613f11e1c6) Importer(815301076,1909f56bfc062723c751e8b465ee728b)  -> (artifact id: 'd6ea26700e7a046120853ba7e2ca916f') in 0.005701 seconds 
========================================================================
Received Import Request.
  Time since last request: 0.000160 seconds.
  path: Assets/Plugins/FMOD/src/Editor/FindAndReplace.cs
  artifactKey: Guid(a3d0ed60438564241a4e62b152836893) Importer(815301076,1909f56bfc062723c751e8b465ee728b)
Start importing Assets/Plugins/FMOD/src/Editor/FindAndReplace.cs using Guid(a3d0ed60438564241a4e62b152836893) Importer(815301076,1909f56bfc062723c751e8b465ee728b)  -> (artifact id: '90a6567ff291526d5dc98ad89232c0a6') in 0.005722 seconds 
========================================================================
Received Import Request.
  Time since last request: 0.000782 seconds.
  path: Assets/Plugins/FMOD/src/Editor/StudioBankLoaderEditor.cs
  artifactKey: Guid(f7f61e03a350e1e428dba6c562f3d64a) Importer(815301076,1909f56bfc062723c751e8b465ee728b)
Start importing Assets/Plugins/FMOD/src/Editor/StudioBankLoaderEditor.cs using Guid(f7f61e03a350e1e428dba6c562f3d64a) Importer(815301076,1909f56bfc062723c751e8b465ee728b)  -> (artifact id: '41723e1c1c9a870f132b60afdf5354aa') in 0.005768 seconds 
========================================================================
Received Import Request.
  Time since last request: 0.000019 seconds.
  path: Assets/Plugins/FMOD/platforms/linux/src/PlatformLinux.cs
  artifactKey: Guid(73549a74f689f0849a8271d9e908c514) Importer(815301076,1909f56bfc062723c751e8b465ee728b)
Start importing Assets/Plugins/FMOD/platforms/linux/src/PlatformLinux.cs using Guid(73549a74f689f0849a8271d9e908c514) Importer(815301076,1909f56bfc062723c751e8b465ee728b)  -> (artifact id: 'ea1fcc0f2384c411d62e24c33de6503e') in 0.006000 seconds 
========================================================================
Received Import Request.
  Time since last request: 0.000019 seconds.
  path: Assets/Plugins/FMOD/src/Editor/CodeGeneration.cs
  artifactKey: Guid(438155f6a2d689e45b5cc7701d412b80) Importer(815301076,1909f56bfc062723c751e8b465ee728b)
Start importing Assets/Plugins/FMOD/src/Editor/CodeGeneration.cs using Guid(438155f6a2d689e45b5cc7701d412b80) Importer(815301076,1909f56bfc062723c751e8b465ee728b)  -> (artifact id: '56757c8c257bf017585195402566d128') in 0.005650 seconds 
========================================================================
Received Import Request.
  Time since last request: 0.000148 seconds.
  path: Assets/Plugins/FMOD/src/Editor/StudioGlobalParameterTriggerEditor.cs
  artifactKey: Guid(0a901681b5558f247b4c227fb425c010) Importer(815301076,1909f56bfc062723c751e8b465ee728b)
Start importing Assets/Plugins/FMOD/src/Editor/StudioGlobalParameterTriggerEditor.cs using Guid(0a901681b5558f247b4c227fb425c010) Importer(815301076,1909f56bfc062723c751e8b465ee728b)  -> (artifact id: '741dc338791e7f690626cbd0bd937dd6') in 0.005792 seconds 
========================================================================
Received Import Request.
  Time since last request: 0.000018 seconds.
  path: Assets/Plugins/FMOD/src/Editor/BankRefresher.cs
  artifactKey: Guid(e564c074e96205b49b91ff80126983c5) Importer(815301076,1909f56bfc062723c751e8b465ee728b)
Start importing Assets/Plugins/FMOD/src/Editor/BankRefresher.cs using Guid(e564c074e96205b49b91ff80126983c5) Importer(815301076,1909f56bfc062723c751e8b465ee728b)  -> (artifact id: '3422cadd34054f16d5479256936bdfac') in 0.005984 seconds 
========================================================================
Received Import Request.
  Time since last request: 238.339281 seconds.
  path: Assets/AudioManager.cs
  artifactKey: Guid(83d928fb2d9e8104ea5feac1d407ce72) Importer(815301076,1909f56bfc062723c751e8b465ee728b)
Start importing Assets/AudioManager.cs using Guid(83d928fb2d9e8104ea5feac1d407ce72) Importer(815301076,1909f56bfc062723c751e8b465ee728b)  -> (artifact id: 'e656867097d821c52bae0f6e94169020') in 0.002023 seconds 
========================================================================
Received Prepare
Registering precompiled user dll's ...
Registered in 0.004528 seconds.
Begin MonoManager ReloadAssembly
Symbol file LoadedFromMemory doesn't match image K:\Unity Projects\LiamLab\Lab4\Lab4\Library\PackageCache\com.unity.visualscripting@1.8.0\Editor\VisualScripting.Core\Dependencies\DotNetZip\Unity.VisualScripting.IonicZip.dll
Symbol file LoadedFromMemory doesn't match image K:\Unity Projects\LiamLab\Lab4\Lab4\Library\PackageCache\com.unity.visualscripting@1.8.0\Editor\VisualScripting.Core\Dependencies\YamlDotNet\Unity.VisualScripting.YamlDotNet.dll
Native extension for WindowsStandalone target not found
Refreshing native plugins compatible for Editor in 0.84 ms, found 5 plugins.
Preloading 0 native plugins for Editor in 0.00 ms.
Mono: successfully reloaded assembly
- Completed reload, in  0.954 seconds
Domain Reload Profiling:
	ReloadAssembly (955ms)
		BeginReloadAssembly (136ms)
			ExecutionOrderSort (0ms)
			DisableScriptedObjects (5ms)
			BackupInstance (0ms)
			ReleaseScriptingObjects (0ms)
			CreateAndSetChildDomain (49ms)
		EndReloadAssembly (742ms)
			LoadAssemblies (72ms)
			RebuildTransferFunctionScriptingTraits (0ms)
			SetupTypeCache (225ms)
			ReleaseScriptCaches (1ms)
			RebuildScriptCaches (44ms)
			SetupLoadedEditorAssemblies (367ms)
				LogAssemblyErrors (0ms)
				InitializePlatformSupportModulesInManaged (3ms)
				SetLoadedEditorAssemblies (0ms)
				RefreshPlugins (1ms)
				BeforeProcessingInitializeOnLoad (48ms)
				ProcessInitializeOnLoadAttributes (296ms)
				ProcessInitializeOnLoadMethodAttributes (15ms)
				AfterProcessingInitializeOnLoad (3ms)
				EditorAssembliesLoaded (0ms)
			ExecutionOrderSort2 (0ms)
			AwakeInstancesAfterBackupRestoration (6ms)
Platform modules already initialized, skipping
Refreshing native plugins compatible for Editor in 5.20 ms, found 5 plugins.
Preloading 0 native plugins for Editor in 0.00 ms.
Unloading 3177 Unused Serialized files (Serialized files now loaded: 0)
Unloading 77 unused Assets / (81.6 KB). Loaded Objects now: 3628.
Memory consumption went from 129.9 MB to 129.8 MB.
Total: 3.615300 ms (FindLiveObjects: 0.321300 ms CreateObjectMapping: 0.076700 ms MarkObjects: 3.074400 ms  DeleteObjects: 0.141400 ms)

AssetImportParameters requested are different than current active one (requested -> active):
  custom:video-decoder-ogg-theora: a1e56fd34408186e4bbccfd4996cb3dc -> 
  custom:container-muxer-webm: aa71ff27fc2769a1b78a27578f13a17b -> 
  custom:container-demuxer-webm: 4f35f7cbe854078d1ac9338744f61a02 -> 
  custom:video-encoder-webm-vp8: eb34c28f22e8b96e1ab97ce403110664 -> 
  custom:audio-encoder-webm-vorbis: bf7c407c2cedff20999df2af8eb42d56 -> 
  custom:framework-win-MediaFoundation: 216162199b28c13a410421893ffa2e32 -> 
  custom:container-demuxer-ogg: 62fdf1f143b41e24485cea50d1cbac27 -> 
  custom:video-decoder-webm-vp8: 9c59270c3fd7afecdb556c50c9e8de78 -> 
  custom:audio-decoder-ogg-vorbis: bf7c407c2cedff20999df2af8eb42d56 -> 
========================================================================
Received Import Request.
  Time since last request: 99.319671 seconds.
  path: Assets/SantaSoundEmitter.cs
  artifactKey: Guid(233938d239b89a34ab3eb9e4f06237ff) Importer(815301076,1909f56bfc062723c751e8b465ee728b)
Start importing Assets/SantaSoundEmitter.cs using Guid(233938d239b89a34ab3eb9e4f06237ff) Importer(815301076,1909f56bfc062723c751e8b465ee728b)  -> (artifact id: '143c3f800480fc62d7795a4e8e87eba9') in 0.011993 seconds 
========================================================================
Received Prepare
Registering precompiled user dll's ...
Registered in 0.003993 seconds.
Begin MonoManager ReloadAssembly
Symbol file LoadedFromMemory doesn't match image K:\Unity Projects\LiamLab\Lab4\Lab4\Library\PackageCache\com.unity.visualscripting@1.8.0\Editor\VisualScripting.Core\Dependencies\DotNetZip\Unity.VisualScripting.IonicZip.dll
Symbol file LoadedFromMemory doesn't match image K:\Unity Projects\LiamLab\Lab4\Lab4\Library\PackageCache\com.unity.visualscripting@1.8.0\Editor\VisualScripting.Core\Dependencies\YamlDotNet\Unity.VisualScripting.YamlDotNet.dll
Native extension for WindowsStandalone target not found
Refreshing native plugins compatible for Editor in 1.19 ms, found 5 plugins.
Preloading 0 native plugins for Editor in 0.00 ms.
Mono: successfully reloaded assembly
- Completed reload, in  0.949 seconds
Domain Reload Profiling:
	ReloadAssembly (950ms)
		BeginReloadAssembly (135ms)
			ExecutionOrderSort (0ms)
			DisableScriptedObjects (5ms)
			BackupInstance (0ms)
			ReleaseScriptingObjects (0ms)
			CreateAndSetChildDomain (40ms)
		EndReloadAssembly (737ms)
			LoadAssemblies (83ms)
			RebuildTransferFunctionScriptingTraits (0ms)
			SetupTypeCache (223ms)
			ReleaseScriptCaches (1ms)
			RebuildScriptCaches (35ms)
			SetupLoadedEditorAssemblies (370ms)
				LogAssemblyErrors (0ms)
				InitializePlatformSupportModulesInManaged (4ms)
				SetLoadedEditorAssemblies (0ms)
				RefreshPlugins (1ms)
				BeforeProcessingInitializeOnLoad (49ms)
				ProcessInitializeOnLoadAttributes (298ms)
				ProcessInitializeOnLoadMethodAttributes (15ms)
				AfterProcessingInitializeOnLoad (3ms)
				EditorAssembliesLoaded (0ms)
			ExecutionOrderSort2 (0ms)
			AwakeInstancesAfterBackupRestoration (5ms)
Platform modules already initialized, skipping
Refreshing native plugins compatible for Editor in 5.48 ms, found 5 plugins.
Preloading 0 native plugins for Editor in 0.00 ms.
Unloading 3178 Unused Serialized files (Serialized files now loaded: 0)
Unloading 77 unused Assets / (81.7 KB). Loaded Objects now: 3632.
Memory consumption went from 129.9 MB to 129.8 MB.
Total: 3.224500 ms (FindLiveObjects: 0.283400 ms CreateObjectMapping: 0.080400 ms MarkObjects: 2.733700 ms  DeleteObjects: 0.126100 ms)

AssetImportParameters requested are different than current active one (requested -> active):
  custom:video-decoder-ogg-theora: a1e56fd34408186e4bbccfd4996cb3dc -> 
  custom:container-muxer-webm: aa71ff27fc2769a1b78a27578f13a17b -> 
  custom:container-demuxer-webm: 4f35f7cbe854078d1ac9338744f61a02 -> 
  custom:video-encoder-webm-vp8: eb34c28f22e8b96e1ab97ce403110664 -> 
  custom:audio-encoder-webm-vorbis: bf7c407c2cedff20999df2af8eb42d56 -> 
  custom:framework-win-MediaFoundation: 216162199b28c13a410421893ffa2e32 -> 
  custom:container-demuxer-ogg: 62fdf1f143b41e24485cea50d1cbac27 -> 
  custom:video-decoder-webm-vp8: 9c59270c3fd7afecdb556c50c9e8de78 -> 
  custom:audio-decoder-ogg-vorbis: bf7c407c2cedff20999df2af8eb42d56 -> 
========================================================================
Received Prepare
Registering precompiled user dll's ...
Registered in 0.005803 seconds.
Begin MonoManager ReloadAssembly
Symbol file LoadedFromMemory doesn't match image K:\Unity Projects\LiamLab\Lab4\Lab4\Library\PackageCache\com.unity.visualscripting@1.8.0\Editor\VisualScripting.Core\Dependencies\DotNetZip\Unity.VisualScripting.IonicZip.dll
Symbol file LoadedFromMemory doesn't match image K:\Unity Projects\LiamLab\Lab4\Lab4\Library\PackageCache\com.unity.visualscripting@1.8.0\Editor\VisualScripting.Core\Dependencies\YamlDotNet\Unity.VisualScripting.YamlDotNet.dll
Native extension for WindowsStandalone target not found
Refreshing native plugins compatible for Editor in 1.08 ms, found 5 plugins.
Preloading 0 native plugins for Editor in 0.00 ms.
Mono: successfully reloaded assembly
- Completed reload, in  0.917 seconds
Domain Reload Profiling:
	ReloadAssembly (917ms)
		BeginReloadAssembly (129ms)
			ExecutionOrderSort (0ms)
			DisableScriptedObjects (6ms)
			BackupInstance (0ms)
			ReleaseScriptingObjects (0ms)
			CreateAndSetChildDomain (36ms)
		EndReloadAssembly (710ms)
			LoadAssemblies (77ms)
			RebuildTransferFunctionScriptingTraits (0ms)
			SetupTypeCache (210ms)
			ReleaseScriptCaches (1ms)
			RebuildScriptCaches (32ms)
			SetupLoadedEditorAssemblies (371ms)
				LogAssemblyErrors (0ms)
				InitializePlatformSupportModulesInManaged (4ms)
				SetLoadedEditorAssemblies (0ms)
				RefreshPlugins (1ms)
				BeforeProcessingInitializeOnLoad (50ms)
				ProcessInitializeOnLoadAttributes (298ms)
				ProcessInitializeOnLoadMethodAttributes (15ms)
				AfterProcessingInitializeOnLoad (3ms)
				EditorAssembliesLoaded (0ms)
			ExecutionOrderSort2 (0ms)
			AwakeInstancesAfterBackupRestoration (5ms)
Platform modules already initialized, skipping
Refreshing native plugins compatible for Editor in 5.11 ms, found 5 plugins.
Preloading 0 native plugins for Editor in 0.00 ms.
Unloading 3178 Unused Serialized files (Serialized files now loaded: 0)
Unloading 77 unused Assets / (81.5 KB). Loaded Objects now: 3635.
Memory consumption went from 130.0 MB to 129.9 MB.
Total: 3.437300 ms (FindLiveObjects: 0.315900 ms CreateObjectMapping: 0.087600 ms MarkObjects: 2.905000 ms  DeleteObjects: 0.127100 ms)

AssetImportParameters requested are different than current active one (requested -> active):
  custom:video-decoder-ogg-theora: a1e56fd34408186e4bbccfd4996cb3dc -> 
  custom:container-muxer-webm: aa71ff27fc2769a1b78a27578f13a17b -> 
  custom:container-demuxer-webm: 4f35f7cbe854078d1ac9338744f61a02 -> 
  custom:video-encoder-webm-vp8: eb34c28f22e8b96e1ab97ce403110664 -> 
  custom:audio-encoder-webm-vorbis: bf7c407c2cedff20999df2af8eb42d56 -> 
  custom:framework-win-MediaFoundation: 216162199b28c13a410421893ffa2e32 -> 
  custom:container-demuxer-ogg: 62fdf1f143b41e24485cea50d1cbac27 -> 
  custom:video-decoder-webm-vp8: 9c59270c3fd7afecdb556c50c9e8de78 -> 
  custom:audio-decoder-ogg-vorbis: bf7c407c2cedff20999df2af8eb42d56 -> 
========================================================================
Received Prepare
Registering precompiled user dll's ...
Registered in 0.005130 seconds.
Begin MonoManager ReloadAssembly
Symbol file LoadedFromMemory doesn't match image K:\Unity Projects\LiamLab\Lab4\Lab4\Library\PackageCache\com.unity.visualscripting@1.8.0\Editor\VisualScripting.Core\Dependencies\DotNetZip\Unity.VisualScripting.IonicZip.dll
Symbol file LoadedFromMemory doesn't match image K:\Unity Projects\LiamLab\Lab4\Lab4\Library\PackageCache\com.unity.visualscripting@1.8.0\Editor\VisualScripting.Core\Dependencies\YamlDotNet\Unity.VisualScripting.YamlDotNet.dll
Native extension for WindowsStandalone target not found
Refreshing native plugins compatible for Editor in 1.16 ms, found 5 plugins.
Preloading 0 native plugins for Editor in 0.00 ms.
Mono: successfully reloaded assembly
- Completed reload, in  0.926 seconds
Domain Reload Profiling:
	ReloadAssembly (927ms)
		BeginReloadAssembly (129ms)
			ExecutionOrderSort (0ms)
			DisableScriptedObjects (5ms)
			BackupInstance (0ms)
			ReleaseScriptingObjects (0ms)
			CreateAndSetChildDomain (38ms)
		EndReloadAssembly (720ms)
			LoadAssemblies (78ms)
			RebuildTransferFunctionScriptingTraits (0ms)
			SetupTypeCache (215ms)
			ReleaseScriptCaches (1ms)
			RebuildScriptCaches (35ms)
			SetupLoadedEditorAssemblies (369ms)
				LogAssemblyErrors (0ms)
				InitializePlatformSupportModulesInManaged (4ms)
				SetLoadedEditorAssemblies (0ms)
				RefreshPlugins (1ms)
				BeforeProcessingInitializeOnLoad (48ms)
				ProcessInitializeOnLoadAttributes (298ms)
				ProcessInitializeOnLoadMethodAttributes (14ms)
				AfterProcessingInitializeOnLoad (3ms)
				EditorAssembliesLoaded (0ms)
			ExecutionOrderSort2 (0ms)
			AwakeInstancesAfterBackupRestoration (5ms)
Platform modules already initialized, skipping
Refreshing native plugins compatible for Editor in 5.12 ms, found 5 plugins.
Preloading 0 native plugins for Editor in 0.00 ms.
Unloading 3178 Unused Serialized files (Serialized files now loaded: 0)
Unloading 77 unused Assets / (81.5 KB). Loaded Objects now: 3638.
Memory consumption went from 130.0 MB to 129.9 MB.
Total: 3.215200 ms (FindLiveObjects: 0.304400 ms CreateObjectMapping: 0.078100 ms MarkObjects: 2.721600 ms  DeleteObjects: 0.110200 ms)

AssetImportParameters requested are different than current active one (requested -> active):
  custom:video-decoder-ogg-theora: a1e56fd34408186e4bbccfd4996cb3dc -> 
  custom:container-muxer-webm: aa71ff27fc2769a1b78a27578f13a17b -> 
  custom:container-demuxer-webm: 4f35f7cbe854078d1ac9338744f61a02 -> 
  custom:video-encoder-webm-vp8: eb34c28f22e8b96e1ab97ce403110664 -> 
  custom:audio-encoder-webm-vorbis: bf7c407c2cedff20999df2af8eb42d56 -> 
  custom:framework-win-MediaFoundation: 216162199b28c13a410421893ffa2e32 -> 
  custom:container-demuxer-ogg: 62fdf1f143b41e24485cea50d1cbac27 -> 
  custom:video-decoder-webm-vp8: 9c59270c3fd7afecdb556c50c9e8de78 -> 
  custom:audio-decoder-ogg-vorbis: bf7c407c2cedff20999df2af8eb42d56 -> 
========================================================================
Received Prepare
Registering precompiled user dll's ...
Registered in 0.003996 seconds.
Begin MonoManager ReloadAssembly
Symbol file LoadedFromMemory doesn't match image K:\Unity Projects\LiamLab\Lab4\Lab4\Library\PackageCache\com.unity.visualscripting@1.8.0\Editor\VisualScripting.Core\Dependencies\DotNetZip\Unity.VisualScripting.IonicZip.dll
Symbol file LoadedFromMemory doesn't match image K:\Unity Projects\LiamLab\Lab4\Lab4\Library\PackageCache\com.unity.visualscripting@1.8.0\Editor\VisualScripting.Core\Dependencies\YamlDotNet\Unity.VisualScripting.YamlDotNet.dll
Native extension for WindowsStandalone target not found
Refreshing native plugins compatible for Editor in 1.01 ms, found 5 plugins.
Preloading 0 native plugins for Editor in 0.00 ms.
Mono: successfully reloaded assembly
- Completed reload, in  0.922 seconds
Domain Reload Profiling:
	ReloadAssembly (923ms)
		BeginReloadAssembly (130ms)
			ExecutionOrderSort (0ms)
			DisableScriptedObjects (5ms)
			BackupInstance (0ms)
			ReleaseScriptingObjects (0ms)
			CreateAndSetChildDomain (36ms)
		EndReloadAssembly (718ms)
			LoadAssemblies (80ms)
			RebuildTransferFunctionScriptingTraits (0ms)
			SetupTypeCache (213ms)
			ReleaseScriptCaches (1ms)
			RebuildScriptCaches (35ms)
			SetupLoadedEditorAssemblies (373ms)
				LogAssemblyErrors (0ms)
				InitializePlatformSupportModulesInManaged (3ms)
				SetLoadedEditorAssemblies (0ms)
				RefreshPlugins (1ms)
				BeforeProcessingInitializeOnLoad (47ms)
				ProcessInitializeOnLoadAttributes (303ms)
				ProcessInitializeOnLoadMethodAttributes (15ms)
				AfterProcessingInitializeOnLoad (3ms)
				EditorAssembliesLoaded (0ms)
			ExecutionOrderSort2 (0ms)
			AwakeInstancesAfterBackupRestoration (5ms)
Platform modules already initialized, skipping
Refreshing native plugins compatible for Editor in 5.04 ms, found 5 plugins.
Preloading 0 native plugins for Editor in 0.00 ms.
Unloading 3178 Unused Serialized files (Serialized files now loaded: 0)
Unloading 77 unused Assets / (81.6 KB). Loaded Objects now: 3641.
Memory consumption went from 130.0 MB to 129.9 MB.
Total: 3.476000 ms (FindLiveObjects: 0.295500 ms CreateObjectMapping: 0.076300 ms MarkObjects: 2.973200 ms  DeleteObjects: 0.130100 ms)

AssetImportParameters requested are different than current active one (requested -> active):
  custom:video-decoder-ogg-theora: a1e56fd34408186e4bbccfd4996cb3dc -> 
  custom:container-muxer-webm: aa71ff27fc2769a1b78a27578f13a17b -> 
  custom:container-demuxer-webm: 4f35f7cbe854078d1ac9338744f61a02 -> 
  custom:video-encoder-webm-vp8: eb34c28f22e8b96e1ab97ce403110664 -> 
  custom:audio-encoder-webm-vorbis: bf7c407c2cedff20999df2af8eb42d56 -> 
  custom:framework-win-MediaFoundation: 216162199b28c13a410421893ffa2e32 -> 
  custom:container-demuxer-ogg: 62fdf1f143b41e24485cea50d1cbac27 -> 
  custom:video-decoder-webm-vp8: 9c59270c3fd7afecdb556c50c9e8de78 -> 
  custom:audio-decoder-ogg-vorbis: bf7c407c2cedff20999df2af8eb42d56 -> 
========================================================================
Received Prepare
Registering precompiled user dll's ...
Registered in 0.005357 seconds.
Begin MonoManager ReloadAssembly
Symbol file LoadedFromMemory doesn't match image K:\Unity Projects\LiamLab\Lab4\Lab4\Library\PackageCache\com.unity.visualscripting@1.8.0\Editor\VisualScripting.Core\Dependencies\DotNetZip\Unity.VisualScripting.IonicZip.dll
Symbol file LoadedFromMemory doesn't match image K:\Unity Projects\LiamLab\Lab4\Lab4\Library\PackageCache\com.unity.visualscripting@1.8.0\Editor\VisualScripting.Core\Dependencies\YamlDotNet\Unity.VisualScripting.YamlDotNet.dll
Native extension for WindowsStandalone target not found
Refreshing native plugins compatible for Editor in 0.88 ms, found 5 plugins.
Preloading 0 native plugins for Editor in 0.00 ms.
Mono: successfully reloaded assembly
- Completed reload, in  0.938 seconds
Domain Reload Profiling:
	ReloadAssembly (938ms)
		BeginReloadAssembly (126ms)
			ExecutionOrderSort (0ms)
			DisableScriptedObjects (5ms)
			BackupInstance (0ms)
			ReleaseScriptingObjects (0ms)
			CreateAndSetChildDomain (37ms)
		EndReloadAssembly (734ms)
			LoadAssemblies (76ms)
			RebuildTransferFunctionScriptingTraits (0ms)
			SetupTypeCache (214ms)
			ReleaseScriptCaches (1ms)
			RebuildScriptCaches (34ms)
			SetupLoadedEditorAssemblies (384ms)
				LogAssemblyErrors (0ms)
				InitializePlatformSupportModulesInManaged (3ms)
				SetLoadedEditorAssemblies (0ms)
				RefreshPlugins (1ms)
				BeforeProcessingInitializeOnLoad (48ms)
				ProcessInitializeOnLoadAttributes (313ms)
				ProcessInitializeOnLoadMethodAttributes (16ms)
				AfterProcessingInitializeOnLoad (3ms)
				EditorAssembliesLoaded (0ms)
			ExecutionOrderSort2 (0ms)
			AwakeInstancesAfterBackupRestoration (6ms)
Platform modules already initialized, skipping
Refreshing native plugins compatible for Editor in 5.02 ms, found 5 plugins.
Preloading 0 native plugins for Editor in 0.00 ms.
Unloading 3178 Unused Serialized files (Serialized files now loaded: 0)
Unloading 77 unused Assets / (81.7 KB). Loaded Objects now: 3644.
Memory consumption went from 130.0 MB to 129.9 MB.
Total: 3.506200 ms (FindLiveObjects: 0.332000 ms CreateObjectMapping: 0.210600 ms MarkObjects: 2.849300 ms  DeleteObjects: 0.113200 ms)

AssetImportParameters requested are different than current active one (requested -> active):
  custom:video-decoder-ogg-theora: a1e56fd34408186e4bbccfd4996cb3dc -> 
  custom:container-muxer-webm: aa71ff27fc2769a1b78a27578f13a17b -> 
  custom:container-demuxer-webm: 4f35f7cbe854078d1ac9338744f61a02 -> 
  custom:video-encoder-webm-vp8: eb34c28f22e8b96e1ab97ce403110664 -> 
  custom:audio-encoder-webm-vorbis: bf7c407c2cedff20999df2af8eb42d56 -> 
  custom:framework-win-MediaFoundation: 216162199b28c13a410421893ffa2e32 -> 
  custom:container-demuxer-ogg: 62fdf1f143b41e24485cea50d1cbac27 -> 
  custom:video-decoder-webm-vp8: 9c59270c3fd7afecdb556c50c9e8de78 -> 
  custom:audio-decoder-ogg-vorbis: bf7c407c2cedff20999df2af8eb42d56 -> 
========================================================================
Received Prepare
Refreshing native plugins compatible for Editor in 10.86 ms, found 5 plugins.
Preloading 0 native plugins for Editor in 0.00 ms.
Unloading 77 Unused Serialized files (Serialized files now loaded: 0)
Unloading 77 unused Assets / (78.9 KB). Loaded Objects now: 3644.
Memory consumption went from 67.9 MB to 67.8 MB.
Total: 3.356100 ms (FindLiveObjects: 0.277000 ms CreateObjectMapping: 0.076000 ms MarkObjects: 2.873700 ms  DeleteObjects: 0.128800 ms)

AssetImportParameters requested are different than current active one (requested -> active):
  custom:video-decoder-ogg-theora: a1e56fd34408186e4bbccfd4996cb3dc -> 
  custom:container-muxer-webm: aa71ff27fc2769a1b78a27578f13a17b -> 
  custom:container-demuxer-webm: 4f35f7cbe854078d1ac9338744f61a02 -> 
  custom:video-encoder-webm-vp8: eb34c28f22e8b96e1ab97ce403110664 -> 
  custom:audio-encoder-webm-vorbis: bf7c407c2cedff20999df2af8eb42d56 -> 
  custom:framework-win-MediaFoundation: 216162199b28c13a410421893ffa2e32 -> 
  custom:container-demuxer-ogg: 62fdf1f143b41e24485cea50d1cbac27 -> 
  custom:video-decoder-webm-vp8: 9c59270c3fd7afecdb556c50c9e8de78 -> 
  custom:audio-decoder-ogg-vorbis: bf7c407c2cedff20999df2af8eb42d56 -> 
